Jan 22, 2018 2:32:41 AM org.apache.catalina.core.StandardServer await
INFO: A valid shutdown command was received via the shutdown port. Stopping the Server instance.
Jan 22, 2018 2:32:41 AM org.apache.coyote.AbstractProtocol pause
INFO: Pausing ProtocolHandler ["http-apr-8080"]
Jan 22, 2018 2:32:41 AM org.apache.coyote.AbstractProtocol pause
INFO: Pausing ProtocolHandler ["ajp-apr-8009"]
Jan 22, 2018 2:32:42 AM org.apache.catalina.core.StandardService stopInternal
INFO: Stopping service Catalina
Jan 22, 2018 2:32:42 AM org.apache.catalina.loader.WebappClassLoaderBase clearReferencesJdbc
SEVERE: The web application [/pm] registered the JDBC driver [org.neo4j.jdbc.Driver] but failed to unregister it when the web application was stopped. To prevent a memory leak, the JDBC Driver has been forcibly unregistered.
Jan 22, 2018 2:32:42 AM org.apache.catalina.loader.WebappClassLoaderBase clearReferencesJdbc
SEVERE: The web application [/pm] registered the JDBC driver [org.neo4j.jdbc.http.HttpDriver] but failed to unregister it when the web application was stopped. To prevent a memory leak, the JDBC Driver has been forcibly unregistered.
Jan 22, 2018 2:32:42 AM org.apache.catalina.loader.WebappClassLoaderBase clearReferencesJdbc
SEVERE: The web application [/pm] registered the JDBC driver [org.neo4j.jdbc.Driver] but failed to unregister it when the web application was stopped. To prevent a memory leak, the JDBC Driver has been forcibly unregistered.
Jan 22, 2018 2:32:42 AM org.apache.catalina.loader.WebappClassLoaderBase clearReferencesJdbc
SEVERE: The web application [/pm] registered the JDBC driver [org.neo4j.jdbc.http.HttpDriver] but failed to unregister it when the web application was stopped. To prevent a memory leak, the JDBC Driver has been forcibly unregistered.
Jan 22, 2018 2:32:42 AM org.apache.catalina.loader.WebappClassLoaderBase clearReferencesJdbc
SEVERE: The web application [/pm] registered the JDBC driver [org.neo4j.jdbc.Driver] but failed to unregister it when the web application was stopped. To prevent a memory leak, the JDBC Driver has been forcibly unregistered.
Jan 22, 2018 2:32:42 AM org.apache.catalina.loader.WebappClassLoaderBase clearReferencesJdbc
SEVERE: The web application [/pm] registered the JDBC driver [org.neo4j.jdbc.http.HttpDriver] but failed to unregister it when the web application was stopped. To prevent a memory leak, the JDBC Driver has been forcibly unregistered.
Jan 22, 2018 2:32:42 AM org.apache.catalina.loader.WebappClassLoaderBase clearReferencesJdbc
SEVERE: The web application [/pm] registered the JDBC driver [org.neo4j.jdbc.Driver] but failed to unregister it when the web application was stopped. To prevent a memory leak, the JDBC Driver has been forcibly unregistered.
Jan 22, 2018 2:32:42 AM org.apache.catalina.loader.WebappClassLoaderBase clearReferencesJdbc
SEVERE: The web application [/pm] registered the JDBC driver [org.neo4j.jdbc.http.HttpDriver] but failed to unregister it when the web application was stopped. To prevent a memory leak, the JDBC Driver has been forcibly unregistered.
Jan 22, 2018 2:32:42 AM org.apache.catalina.loader.WebappClassLoaderBase clearReferencesJdbc
SEVERE: The web application [/pm] registered the JDBC driver [org.neo4j.jdbc.Driver] but failed to unregister it when the web application was stopped. To prevent a memory leak, the JDBC Driver has been forcibly unregistered.
Jan 22, 2018 2:32:42 AM org.apache.catalina.loader.WebappClassLoaderBase clearReferencesJdbc
SEVERE: The web application [/pm] registered the JDBC driver [org.neo4j.jdbc.http.HttpDriver] but failed to unregister it when the web application was stopped. To prevent a memory leak, the JDBC Driver has been forcibly unregistered.
Jan 22, 2018 2:32:42 AM org.apache.catalina.loader.WebappClassLoaderBase clearReferencesJdbc
SEVERE: The web application [/pm] registered the JDBC driver [org.neo4j.jdbc.Driver] but failed to unregister it when the web application was stopped. To prevent a memory leak, the JDBC Driver has been forcibly unregistered.
Jan 22, 2018 2:32:42 AM org.apache.catalina.loader.WebappClassLoaderBase clearReferencesJdbc
SEVERE: The web application [/pm] registered the JDBC driver [org.neo4j.jdbc.http.HttpDriver] but failed to unregister it when the web application was stopped. To prevent a memory leak, the JDBC Driver has been forcibly unregistered.
Jan 22, 2018 2:32:42 AM org.apache.catalina.loader.WebappClassLoaderBase clearReferencesJdbc
SEVERE: The web application [/pm] registered the JDBC driver [org.neo4j.jdbc.Driver] but failed to unregister it when the web application was stopped. To prevent a memory leak, the JDBC Driver has been forcibly unregistered.
Jan 22, 2018 2:32:42 AM org.apache.catalina.loader.WebappClassLoaderBase clearReferencesJdbc
SEVERE: The web application [/pm] registered the JDBC driver [org.neo4j.jdbc.http.HttpDriver] but failed to unregister it when the web application was stopped. To prevent a memory leak, the JDBC Driver has been forcibly unregistered.
Jan 22, 2018 2:32:42 AM org.apache.catalina.loader.WebappClassLoaderBase clearReferencesJdbc
SEVERE: The web application [/pm] registered the JDBC driver [org.neo4j.jdbc.Driver] but failed to unregister it when the web application was stopped. To prevent a memory leak, the JDBC Driver has been forcibly unregistered.
Jan 22, 2018 2:32:42 AM org.apache.catalina.loader.WebappClassLoaderBase clearReferencesJdbc
SEVERE: The web application [/pm] registered the JDBC driver [org.neo4j.jdbc.http.HttpDriver] but failed to unregister it when the web application was stopped. To prevent a memory leak, the JDBC Driver has been forcibly unregistered.
Jan 22, 2018 2:32:42 AM org.apache.catalina.loader.WebappClassLoaderBase clearReferencesJdbc
SEVERE: The web application [/pm] registered the JDBC driver [org.neo4j.jdbc.Driver] but failed to unregister it when the web application was stopped. To prevent a memory leak, the JDBC Driver has been forcibly unregistered.
Jan 22, 2018 2:32:42 AM org.apache.catalina.loader.WebappClassLoaderBase clearReferencesJdbc
SEVERE: The web application [/pm] registered the JDBC driver [org.neo4j.jdbc.http.HttpDriver] but failed to unregister it when the web application was stopped. To prevent a memory leak, the JDBC Driver has been forcibly unregistered.
Jan 22, 2018 2:32:42 AM org.apache.catalina.loader.WebappClassLoaderBase clearReferencesJdbc
SEVERE: The web application [/pm] registered the JDBC driver [org.neo4j.jdbc.Driver] but failed to unregister it when the web application was stopped. To prevent a memory leak, the JDBC Driver has been forcibly unregistered.
Jan 22, 2018 2:32:42 AM org.apache.catalina.loader.WebappClassLoaderBase clearReferencesJdbc
SEVERE: The web application [/pm] registered the JDBC driver [org.neo4j.jdbc.http.HttpDriver] but failed to unregister it when the web application was stopped. To prevent a memory leak, the JDBC Driver has been forcibly unregistered.
Jan 22, 2018 2:32:42 AM org.apache.catalina.loader.WebappClassLoaderBase clearReferencesJdbc
SEVERE: The web application [/pm] registered the JDBC driver [org.neo4j.jdbc.Driver] but failed to unregister it when the web application was stopped. To prevent a memory leak, the JDBC Driver has been forcibly unregistered.
Jan 22, 2018 2:32:42 AM org.apache.catalina.loader.WebappClassLoaderBase clearReferencesJdbc
SEVERE: The web application [/pm] registered the JDBC driver [org.neo4j.jdbc.http.HttpDriver] but failed to unregister it when the web application was stopped. To prevent a memory leak, the JDBC Driver has been forcibly unregistered.
Jan 22, 2018 2:32:42 AM org.apache.catalina.loader.WebappClassLoaderBase clearReferencesJdbc
SEVERE: The web application [/pm] registered the JDBC driver [org.neo4j.jdbc.Driver] but failed to unregister it when the web application was stopped. To prevent a memory leak, the JDBC Driver has been forcibly unregistered.
Jan 22, 2018 2:32:42 AM org.apache.catalina.loader.WebappClassLoaderBase clearReferencesJdbc
SEVERE: The web application [/pm] registered the JDBC driver [org.neo4j.jdbc.http.HttpDriver] but failed to unregister it when the web application was stopped. To prevent a memory leak, the JDBC Driver has been forcibly unregistered.
Jan 22, 2018 2:32:42 AM org.apache.catalina.loader.WebappClassLoaderBase clearReferencesJdbc
SEVERE: The web application [/pm] registered the JDBC driver [org.neo4j.jdbc.Driver] but failed to unregister it when the web application was stopped. To prevent a memory leak, the JDBC Driver has been forcibly unregistered.
Jan 22, 2018 2:32:42 AM org.apache.catalina.loader.WebappClassLoaderBase clearReferencesJdbc
SEVERE: The web application [/pm] registered the JDBC driver [org.neo4j.jdbc.http.HttpDriver] but failed to unregister it when the web application was stopped. To prevent a memory leak, the JDBC Driver has been forcibly unregistered.
Jan 22, 2018 2:32:42 AM org.apache.catalina.loader.WebappClassLoaderBase clearReferencesThreads
SEVERE: The web application [/pm] appears to have started a thread named [Thread-5] but has failed to stop it. This is very likely to create a memory leak.
Jan 22, 2018 2:32:42 AM org.apache.catalina.loader.WebappClassLoaderBase clearReferencesThreads
SEVERE: The web application [/pm] appears to have started a thread named [Thread-6] but has failed to stop it. This is very likely to create a memory leak.
Jan 22, 2018 2:32:42 AM org.apache.catalina.loader.WebappClassLoaderBase clearReferencesThreads
SEVERE: The web application [/pm] appears to have started a thread named [Thread-7] but has failed to stop it. This is very likely to create a memory leak.
Jan 22, 2018 2:32:42 AM org.apache.catalina.loader.WebappClassLoaderBase clearReferencesThreads
SEVERE: The web application [/pm] appears to have started a thread named [Thread-8] but has failed to stop it. This is very likely to create a memory leak.
Jan 22, 2018 2:32:42 AM org.apache.catalina.loader.WebappClassLoaderBase clearReferencesThreads
SEVERE: The web application [/pm] appears to have started a thread named [Thread-9] but has failed to stop it. This is very likely to create a memory leak.
Jan 22, 2018 2:32:42 AM org.apache.catalina.loader.WebappClassLoaderBase clearReferencesThreads
SEVERE: The web application [/pm] appears to have started a thread named [Thread-10] but has failed to stop it. This is very likely to create a memory leak.
Jan 22, 2018 2:32:42 AM org.apache.catalina.loader.WebappClassLoaderBase clearReferencesThreads
SEVERE: The web application [/pm] appears to have started a thread named [Thread-11] but has failed to stop it. This is very likely to create a memory leak.
Jan 22, 2018 2:32:42 AM org.apache.catalina.loader.WebappClassLoaderBase clearReferencesThreads
SEVERE: The web application [/pm] appears to have started a thread named [Thread-12] but has failed to stop it. This is very likely to create a memory leak.
Jan 22, 2018 2:32:42 AM org.apache.catalina.loader.WebappClassLoaderBase clearReferencesThreads
SEVERE: The web application [/pm] appears to have started a thread named [Thread-13] but has failed to stop it. This is very likely to create a memory leak.
Jan 22, 2018 2:32:42 AM org.apache.catalina.loader.WebappClassLoaderBase clearReferencesThreads
SEVERE: The web application [/pm] appears to have started a thread named [Thread-14] but has failed to stop it. This is very likely to create a memory leak.
Jan 22, 2018 2:32:42 AM org.apache.catalina.loader.WebappClassLoaderBase clearReferencesThreads
SEVERE: The web application [/pm] appears to have started a thread named [Thread-15] but has failed to stop it. This is very likely to create a memory leak.
Jan 22, 2018 2:32:42 AM org.apache.catalina.loader.WebappClassLoaderBase clearReferencesThreads
SEVERE: The web application [/pm] appears to have started a thread named [Thread-16] but has failed to stop it. This is very likely to create a memory leak.
Jan 22, 2018 2:32:42 AM org.apache.coyote.AbstractProtocol stop
INFO: Stopping ProtocolHandler ["http-apr-8080"]
Jan 22, 2018 2:32:42 AM org.apache.coyote.AbstractProtocol stop
INFO: Stopping ProtocolHandler ["ajp-apr-8009"]
Jan 22, 2018 2:32:42 AM org.apache.coyote.AbstractProtocol destroy
INFO: Destroying ProtocolHandler ["http-apr-8080"]
Jan 22, 2018 2:32:42 AM org.apache.coyote.AbstractProtocol destroy
INFO: Destroying ProtocolHandler ["ajp-apr-8009"]
Jan 22, 2018 2:32:49 AM org.apache.catalina.startup.VersionLoggerListener log
INFO: Server version:        Apache Tomcat/7.0.82
Jan 22, 2018 2:32:49 AM org.apache.catalina.startup.VersionLoggerListener log
INFO: Server built:          Sep 29 2017 12:23:15 UTC
Jan 22, 2018 2:32:49 AM org.apache.catalina.startup.VersionLoggerListener log
INFO: Server number:         7.0.82.0
Jan 22, 2018 2:32:49 AM org.apache.catalina.startup.VersionLoggerListener log
INFO: OS Name:               Windows 7
Jan 22, 2018 2:32:49 AM org.apache.catalina.startup.VersionLoggerListener log
INFO: OS Version:            6.1
Jan 22, 2018 2:32:49 AM org.apache.catalina.startup.VersionLoggerListener log
INFO: Architecture:          amd64
Jan 22, 2018 2:32:49 AM org.apache.catalina.startup.VersionLoggerListener log
INFO: Java Home:             c:\Program Files\Java\jdk1.8.0_121\jre
Jan 22, 2018 2:32:49 AM org.apache.catalina.startup.VersionLoggerListener log
INFO: JVM Version:           1.8.0_121-b13
Jan 22, 2018 2:32:49 AM org.apache.catalina.startup.VersionLoggerListener log
INFO: JVM Vendor:            Oracle Corporation
Jan 22, 2018 2:32:49 AM org.apache.catalina.startup.VersionLoggerListener log
INFO: CATALINA_BASE:         c:/XpressRules/Policy-Machine-master/apache-tomcat-7.0.82
Jan 22, 2018 2:32:49 AM org.apache.catalina.startup.VersionLoggerListener log
INFO: CATALINA_HOME:         c:/XpressRules/Policy-Machine-master/apache-tomcat-7.0.82
Jan 22, 2018 2:32:49 AM org.apache.catalina.startup.VersionLoggerListener log
INFO: Command line argument: -Djava.util.logging.config.file=c:/XpressRules/Policy-Machine-master/apache-tomcat-7.0.82/conf/logging.properties
Jan 22, 2018 2:32:49 AM org.apache.catalina.startup.VersionLoggerListener log
INFO: Command line argument: -Djava.util.logging.manager=org.apache.juli.ClassLoaderLogManager
Jan 22, 2018 2:32:49 AM org.apache.catalina.startup.VersionLoggerListener log
INFO: Command line argument: -Djdk.tls.ephemeralDHKeySize=2048
Jan 22, 2018 2:32:49 AM org.apache.catalina.startup.VersionLoggerListener log
INFO: Command line argument: -Djava.endorsed.dirs=c:/XpressRules/Policy-Machine-master/apache-tomcat-7.0.82/endorsed
Jan 22, 2018 2:32:49 AM org.apache.catalina.startup.VersionLoggerListener log
INFO: Command line argument: -Dcatalina.base=c:/XpressRules/Policy-Machine-master/apache-tomcat-7.0.82
Jan 22, 2018 2:32:49 AM org.apache.catalina.startup.VersionLoggerListener log
INFO: Command line argument: -Dcatalina.home=c:/XpressRules/Policy-Machine-master/apache-tomcat-7.0.82
Jan 22, 2018 2:32:49 AM org.apache.catalina.startup.VersionLoggerListener log
INFO: Command line argument: -Djava.io.tmpdir=c:/XpressRules/Policy-Machine-master/apache-tomcat-7.0.82/temp
Jan 22, 2018 2:32:49 AM org.apache.catalina.startup.VersionLoggerListener log
INFO: Command line argument: -Djavax.net.preferIPv4Stack=true
Jan 22, 2018 2:32:49 AM org.apache.catalina.core.AprLifecycleListener lifecycleEvent
INFO: Loaded APR based Apache Tomcat Native library 1.2.14 using APR version 1.6.2.
Jan 22, 2018 2:32:49 AM org.apache.catalina.core.AprLifecycleListener lifecycleEvent
INFO: APR capabilities: IPv6 [true], sendfile [true], accept filters [false], random [true].
Jan 22, 2018 2:32:50 AM org.apache.catalina.core.AprLifecycleListener initializeSSL
INFO: OpenSSL successfully initialized (OpenSSL 1.0.2l  25 May 2017)
Jan 22, 2018 2:32:50 AM org.apache.coyote.AbstractProtocol init
INFO: Initializing ProtocolHandler ["http-apr-8080"]
Jan 22, 2018 2:32:50 AM org.apache.coyote.AbstractProtocol init
INFO: Initializing ProtocolHandler ["ajp-apr-8009"]
Jan 22, 2018 2:32:50 AM org.apache.catalina.startup.Catalina load
INFO: Initialization processed in 1856 ms
Jan 22, 2018 2:32:50 AM org.apache.catalina.core.StandardService startInternal
INFO: Starting service Catalina
Jan 22, 2018 2:32:50 AM org.apache.catalina.core.StandardEngine startInternal
INFO: Starting Servlet Engine: Apache Tomcat/7.0.82
Jan 22, 2018 2:32:51 AM org.apache.catalina.startup.HostConfig deployWAR
INFO: Deploying web application archive C:\XpressRules\Policy-Machine-master\apache-tomcat-7.0.82\webapps\pm.war
Jan 22, 2018 2:32:53 AM org.apache.catalina.loader.WebappClassLoaderBase validateJarFile
INFO: validateJarFile(c:\XpressRules\Policy-Machine-master\apache-tomcat-7.0.82\webapps\pm\WEB-INF\lib\javax.servlet-api-3.1.0.jar) - jar not loaded. See Servlet Spec 3.0, section 10.7.2. Offending class: javax/servlet/Servlet.class
Jan 22, 2018 2:32:59 AM org.apache.catalina.startup.TldConfig execute
INFO: At least one JAR was scanned for TLDs yet contained no TLDs. Enable debug logging for this logger for a complete list of JARs that were scanned but no TLDs were found in them. Skipping unneeded JARs during scanning can improve startup time and JSP compilation time.
Jan 22, 2018 2:32:59 AM org.apache.catalina.util.SessionIdGeneratorBase createSecureRandom
WARNING: Creation of SecureRandom instance for session ID generation using [SHA1PRNG] took [219] milliseconds.
Jan 22, 2018 2:33:02 AM org.apache.catalina.startup.HostConfig deployWAR
INFO: Deployment of web application archive C:\XpressRules\Policy-Machine-master\apache-tomcat-7.0.82\webapps\pm.war has finished in 11,091 ms
Jan 22, 2018 2:33:02 AM org.apache.catalina.startup.HostConfig deployDirectory
INFO: Deploying web application directory C:\XpressRules\Policy-Machine-master\apache-tomcat-7.0.82\webapps\docs
Jan 22, 2018 2:33:02 AM org.apache.catalina.startup.HostConfig deployDirectory
INFO: Deployment of web application directory C:\XpressRules\Policy-Machine-master\apache-tomcat-7.0.82\webapps\docs has finished in 47 ms
Jan 22, 2018 2:33:02 AM org.apache.catalina.startup.HostConfig deployDirectory
INFO: Deploying web application directory C:\XpressRules\Policy-Machine-master\apache-tomcat-7.0.82\webapps\examples
Jan 22, 2018 2:33:05 AM org.apache.catalina.startup.HostConfig deployDirectory
INFO: Deployment of web application directory C:\XpressRules\Policy-Machine-master\apache-tomcat-7.0.82\webapps\examples has finished in 2,886 ms
Jan 22, 2018 2:33:05 AM org.apache.catalina.startup.HostConfig deployDirectory
INFO: Deploying web application directory C:\XpressRules\Policy-Machine-master\apache-tomcat-7.0.82\webapps\host-manager
Jan 22, 2018 2:33:05 AM org.apache.catalina.startup.HostConfig deployDirectory
INFO: Deployment of web application directory C:\XpressRules\Policy-Machine-master\apache-tomcat-7.0.82\webapps\host-manager has finished in 203 ms
Jan 22, 2018 2:33:05 AM org.apache.catalina.startup.HostConfig deployDirectory
INFO: Deploying web application directory C:\XpressRules\Policy-Machine-master\apache-tomcat-7.0.82\webapps\manager
Jan 22, 2018 2:33:05 AM org.apache.catalina.startup.HostConfig deployDirectory
INFO: Deployment of web application directory C:\XpressRules\Policy-Machine-master\apache-tomcat-7.0.82\webapps\manager has finished in 47 ms
Jan 22, 2018 2:33:05 AM org.apache.catalina.startup.HostConfig deployDirectory
INFO: Deploying web application directory C:\XpressRules\Policy-Machine-master\apache-tomcat-7.0.82\webapps\ROOT
Jan 22, 2018 2:33:05 AM org.apache.catalina.startup.HostConfig deployDirectory
INFO: Deployment of web application directory C:\XpressRules\Policy-Machine-master\apache-tomcat-7.0.82\webapps\ROOT has finished in 47 ms
Jan 22, 2018 2:33:05 AM org.apache.coyote.AbstractProtocol start
INFO: Starting ProtocolHandler ["http-apr-8080"]
Jan 22, 2018 2:33:05 AM org.apache.coyote.AbstractProtocol start
INFO: Starting ProtocolHandler ["ajp-apr-8009"]
Jan 22, 2018 2:33:05 AM org.apache.catalina.startup.Catalina start
INFO: Server startup in 14532 ms
Jan 22, 2018 2:33:52 AM org.apache.catalina.startup.HostConfig undeploy
INFO: Undeploying context [/pm]
Jan 22, 2018 2:33:52 AM org.apache.catalina.loader.WebappClassLoaderBase clearReferencesJdbc
SEVERE: The web application [/pm] registered the JDBC driver [org.neo4j.jdbc.Driver] but failed to unregister it when the web application was stopped. To prevent a memory leak, the JDBC Driver has been forcibly unregistered.
Jan 22, 2018 2:33:52 AM org.apache.catalina.loader.WebappClassLoaderBase clearReferencesJdbc
SEVERE: The web application [/pm] registered the JDBC driver [org.neo4j.jdbc.http.HttpDriver] but failed to unregister it when the web application was stopped. To prevent a memory leak, the JDBC Driver has been forcibly unregistered.
Jan 22, 2018 2:33:52 AM org.apache.catalina.loader.WebappClassLoaderBase clearReferencesThreads
SEVERE: The web application [/pm] appears to have started a thread named [Thread-2] but has failed to stop it. This is very likely to create a memory leak.
Jan 22, 2018 2:33:56 AM org.apache.catalina.startup.HostConfig deployWAR
INFO: Deploying web application archive C:\XpressRules\Policy-Machine-master\apache-tomcat-7.0.82\webapps\pm.war
Jan 22, 2018 2:34:00 AM org.apache.catalina.loader.WebappClassLoaderBase validateJarFile
INFO: validateJarFile(c:\XpressRules\Policy-Machine-master\apache-tomcat-7.0.82\webapps\pm\WEB-INF\lib\javax.servlet-api-3.1.0.jar) - jar not loaded. See Servlet Spec 3.0, section 10.7.2. Offending class: javax/servlet/Servlet.class
Jan 22, 2018 2:34:05 AM org.apache.catalina.startup.TldConfig execute
INFO: At least one JAR was scanned for TLDs yet contained no TLDs. Enable debug logging for this logger for a complete list of JARs that were scanned but no TLDs were found in them. Skipping unneeded JARs during scanning can improve startup time and JSP compilation time.
Jan 22, 2018 2:34:06 AM org.apache.catalina.startup.HostConfig deployWAR
INFO: Deployment of web application archive C:\XpressRules\Policy-Machine-master\apache-tomcat-7.0.82\webapps\pm.war has finished in 9,329 ms
Jan 22, 2018 2:50:52 AM org.apache.catalina.core.StandardServer await
INFO: A valid shutdown command was received via the shutdown port. Stopping the Server instance.
Jan 22, 2018 2:50:52 AM org.apache.coyote.AbstractProtocol pause
INFO: Pausing ProtocolHandler ["http-apr-8080"]
Jan 22, 2018 2:50:52 AM org.apache.coyote.AbstractProtocol pause
INFO: Pausing ProtocolHandler ["ajp-apr-8009"]
Jan 22, 2018 2:50:52 AM org.apache.catalina.core.StandardService stopInternal
INFO: Stopping service Catalina
Jan 22, 2018 2:50:52 AM org.apache.catalina.loader.WebappClassLoaderBase clearReferencesJdbc
SEVERE: The web application [/pm] registered the JDBC driver [org.neo4j.jdbc.Driver] but failed to unregister it when the web application was stopped. To prevent a memory leak, the JDBC Driver has been forcibly unregistered.
Jan 22, 2018 2:50:52 AM org.apache.catalina.loader.WebappClassLoaderBase clearReferencesJdbc
SEVERE: The web application [/pm] registered the JDBC driver [org.neo4j.jdbc.http.HttpDriver] but failed to unregister it when the web application was stopped. To prevent a memory leak, the JDBC Driver has been forcibly unregistered.
Jan 22, 2018 2:50:52 AM org.apache.catalina.loader.WebappClassLoaderBase clearReferencesJdbc
SEVERE: The web application [/pm] registered the JDBC driver [org.neo4j.jdbc.Driver] but failed to unregister it when the web application was stopped. To prevent a memory leak, the JDBC Driver has been forcibly unregistered.
Jan 22, 2018 2:50:52 AM org.apache.catalina.loader.WebappClassLoaderBase clearReferencesJdbc
SEVERE: The web application [/pm] registered the JDBC driver [org.neo4j.jdbc.http.HttpDriver] but failed to unregister it when the web application was stopped. To prevent a memory leak, the JDBC Driver has been forcibly unregistered.
Jan 22, 2018 2:50:52 AM org.apache.catalina.loader.WebappClassLoaderBase clearReferencesJdbc
SEVERE: The web application [/pm] registered the JDBC driver [org.neo4j.jdbc.Driver] but failed to unregister it when the web application was stopped. To prevent a memory leak, the JDBC Driver has been forcibly unregistered.
Jan 22, 2018 2:50:52 AM org.apache.catalina.loader.WebappClassLoaderBase clearReferencesJdbc
SEVERE: The web application [/pm] registered the JDBC driver [org.neo4j.jdbc.http.HttpDriver] but failed to unregister it when the web application was stopped. To prevent a memory leak, the JDBC Driver has been forcibly unregistered.
Jan 22, 2018 2:50:52 AM org.apache.catalina.loader.WebappClassLoaderBase clearReferencesJdbc
SEVERE: The web application [/pm] registered the JDBC driver [org.neo4j.jdbc.Driver] but failed to unregister it when the web application was stopped. To prevent a memory leak, the JDBC Driver has been forcibly unregistered.
Jan 22, 2018 2:50:52 AM org.apache.catalina.loader.WebappClassLoaderBase clearReferencesJdbc
SEVERE: The web application [/pm] registered the JDBC driver [org.neo4j.jdbc.http.HttpDriver] but failed to unregister it when the web application was stopped. To prevent a memory leak, the JDBC Driver has been forcibly unregistered.
Jan 22, 2018 2:50:52 AM org.apache.catalina.loader.WebappClassLoaderBase clearReferencesThreads
SEVERE: The web application [/pm] appears to have started a thread named [Thread-4] but has failed to stop it. This is very likely to create a memory leak.
Jan 22, 2018 2:50:52 AM org.apache.catalina.loader.WebappClassLoaderBase clearReferencesThreads
SEVERE: The web application [/pm] appears to have started a thread named [Thread-5] but has failed to stop it. This is very likely to create a memory leak.
Jan 22, 2018 2:50:52 AM org.apache.catalina.loader.WebappClassLoaderBase clearReferencesThreads
SEVERE: The web application [/pm] appears to have started a thread named [Thread-6] but has failed to stop it. This is very likely to create a memory leak.
Jan 22, 2018 2:50:52 AM org.apache.catalina.loader.WebappClassLoaderBase clearReferencesThreads
SEVERE: The web application [/pm] appears to have started a thread named [Thread-7] but has failed to stop it. This is very likely to create a memory leak.
Jan 22, 2018 2:50:52 AM org.apache.coyote.AbstractProtocol stop
INFO: Stopping ProtocolHandler ["http-apr-8080"]
Jan 22, 2018 2:50:52 AM org.apache.coyote.AbstractProtocol stop
INFO: Stopping ProtocolHandler ["ajp-apr-8009"]
Jan 22, 2018 2:50:52 AM org.apache.coyote.AbstractProtocol destroy
INFO: Destroying ProtocolHandler ["http-apr-8080"]
Jan 22, 2018 2:50:52 AM org.apache.coyote.AbstractProtocol destroy
INFO: Destroying ProtocolHandler ["ajp-apr-8009"]
Jan 22, 2018 2:50:58 AM org.apache.catalina.startup.VersionLoggerListener log
INFO: Server version:        Apache Tomcat/7.0.82
Jan 22, 2018 2:50:58 AM org.apache.catalina.startup.VersionLoggerListener log
INFO: Server built:          Sep 29 2017 12:23:15 UTC
Jan 22, 2018 2:50:58 AM org.apache.catalina.startup.VersionLoggerListener log
INFO: Server number:         7.0.82.0
Jan 22, 2018 2:50:58 AM org.apache.catalina.startup.VersionLoggerListener log
INFO: OS Name:               Windows 7
Jan 22, 2018 2:50:58 AM org.apache.catalina.startup.VersionLoggerListener log
INFO: OS Version:            6.1
Jan 22, 2018 2:50:58 AM org.apache.catalina.startup.VersionLoggerListener log
INFO: Architecture:          amd64
Jan 22, 2018 2:50:58 AM org.apache.catalina.startup.VersionLoggerListener log
INFO: Java Home:             c:\Program Files\Java\jdk1.8.0_121\jre
Jan 22, 2018 2:50:58 AM org.apache.catalina.startup.VersionLoggerListener log
INFO: JVM Version:           1.8.0_121-b13
Jan 22, 2018 2:50:58 AM org.apache.catalina.startup.VersionLoggerListener log
INFO: JVM Vendor:            Oracle Corporation
Jan 22, 2018 2:50:58 AM org.apache.catalina.startup.VersionLoggerListener log
INFO: CATALINA_BASE:         c:/XpressRules/Policy-Machine-master/apache-tomcat-7.0.82
Jan 22, 2018 2:50:58 AM org.apache.catalina.startup.VersionLoggerListener log
INFO: CATALINA_HOME:         c:/XpressRules/Policy-Machine-master/apache-tomcat-7.0.82
Jan 22, 2018 2:50:58 AM org.apache.catalina.startup.VersionLoggerListener log
INFO: Command line argument: -Djava.util.logging.config.file=c:/XpressRules/Policy-Machine-master/apache-tomcat-7.0.82/conf/logging.properties
Jan 22, 2018 2:50:58 AM org.apache.catalina.startup.VersionLoggerListener log
INFO: Command line argument: -Djava.util.logging.manager=org.apache.juli.ClassLoaderLogManager
Jan 22, 2018 2:50:58 AM org.apache.catalina.startup.VersionLoggerListener log
INFO: Command line argument: -Djdk.tls.ephemeralDHKeySize=2048
Jan 22, 2018 2:50:58 AM org.apache.catalina.startup.VersionLoggerListener log
INFO: Command line argument: -Djava.endorsed.dirs=c:/XpressRules/Policy-Machine-master/apache-tomcat-7.0.82/endorsed
Jan 22, 2018 2:50:58 AM org.apache.catalina.startup.VersionLoggerListener log
INFO: Command line argument: -Dcatalina.base=c:/XpressRules/Policy-Machine-master/apache-tomcat-7.0.82
Jan 22, 2018 2:50:58 AM org.apache.catalina.startup.VersionLoggerListener log
INFO: Command line argument: -Dcatalina.home=c:/XpressRules/Policy-Machine-master/apache-tomcat-7.0.82
Jan 22, 2018 2:50:58 AM org.apache.catalina.startup.VersionLoggerListener log
INFO: Command line argument: -Djava.io.tmpdir=c:/XpressRules/Policy-Machine-master/apache-tomcat-7.0.82/temp
Jan 22, 2018 2:50:58 AM org.apache.catalina.startup.VersionLoggerListener log
INFO: Command line argument: -Djavax.net.preferIPv4Stack=true
Jan 22, 2018 2:50:58 AM org.apache.catalina.core.AprLifecycleListener lifecycleEvent
INFO: Loaded APR based Apache Tomcat Native library 1.2.14 using APR version 1.6.2.
Jan 22, 2018 2:50:58 AM org.apache.catalina.core.AprLifecycleListener lifecycleEvent
INFO: APR capabilities: IPv6 [true], sendfile [true], accept filters [false], random [true].
Jan 22, 2018 2:50:59 AM org.apache.catalina.core.AprLifecycleListener initializeSSL
INFO: OpenSSL successfully initialized (OpenSSL 1.0.2l  25 May 2017)
Jan 22, 2018 2:50:59 AM org.apache.coyote.AbstractProtocol init
INFO: Initializing ProtocolHandler ["http-apr-8080"]
Jan 22, 2018 2:50:59 AM org.apache.coyote.AbstractProtocol init
INFO: Initializing ProtocolHandler ["ajp-apr-8009"]
Jan 22, 2018 2:50:59 AM org.apache.catalina.startup.Catalina load
INFO: Initialization processed in 1081 ms
Jan 22, 2018 2:50:59 AM org.apache.catalina.core.StandardService startInternal
INFO: Starting service Catalina
Jan 22, 2018 2:50:59 AM org.apache.catalina.core.StandardEngine startInternal
INFO: Starting Servlet Engine: Apache Tomcat/7.0.82
Jan 22, 2018 2:50:59 AM org.apache.catalina.startup.HostConfig deployWAR
INFO: Deploying web application archive C:\XpressRules\Policy-Machine-master\apache-tomcat-7.0.82\webapps\pm.war
Jan 22, 2018 2:50:59 AM org.apache.catalina.loader.WebappClassLoaderBase validateJarFile
INFO: validateJarFile(c:\XpressRules\Policy-Machine-master\apache-tomcat-7.0.82\webapps\pm\WEB-INF\lib\javax.servlet-api-3.1.0.jar) - jar not loaded. See Servlet Spec 3.0, section 10.7.2. Offending class: javax/servlet/Servlet.class
Jan 22, 2018 2:51:05 AM org.apache.catalina.startup.TldConfig execute
INFO: At least one JAR was scanned for TLDs yet contained no TLDs. Enable debug logging for this logger for a complete list of JARs that were scanned but no TLDs were found in them. Skipping unneeded JARs during scanning can improve startup time and JSP compilation time.
Jan 22, 2018 2:51:05 AM org.apache.catalina.util.SessionIdGeneratorBase createSecureRandom
WARNING: Creation of SecureRandom instance for session ID generation using [SHA1PRNG] took [219] milliseconds.
Jan 22, 2018 2:51:06 AM org.apache.catalina.startup.HostConfig deployWAR
INFO: Deployment of web application archive C:\XpressRules\Policy-Machine-master\apache-tomcat-7.0.82\webapps\pm.war has finished in 7,425 ms
Jan 22, 2018 2:51:06 AM org.apache.catalina.startup.HostConfig deployDirectory
INFO: Deploying web application directory C:\XpressRules\Policy-Machine-master\apache-tomcat-7.0.82\webapps\docs
Jan 22, 2018 2:51:06 AM org.apache.catalina.startup.HostConfig deployDirectory
INFO: Deployment of web application directory C:\XpressRules\Policy-Machine-master\apache-tomcat-7.0.82\webapps\docs has finished in 47 ms
Jan 22, 2018 2:51:06 AM org.apache.catalina.startup.HostConfig deployDirectory
INFO: Deploying web application directory C:\XpressRules\Policy-Machine-master\apache-tomcat-7.0.82\webapps\examples
Jan 22, 2018 2:51:07 AM org.apache.catalina.startup.HostConfig deployDirectory
INFO: Deployment of web application directory C:\XpressRules\Policy-Machine-master\apache-tomcat-7.0.82\webapps\examples has finished in 281 ms
Jan 22, 2018 2:51:07 AM org.apache.catalina.startup.HostConfig deployDirectory
INFO: Deploying web application directory C:\XpressRules\Policy-Machine-master\apache-tomcat-7.0.82\webapps\host-manager
Jan 22, 2018 2:51:07 AM org.apache.catalina.startup.HostConfig deployDirectory
INFO: Deployment of web application directory C:\XpressRules\Policy-Machine-master\apache-tomcat-7.0.82\webapps\host-manager has finished in 109 ms
Jan 22, 2018 2:51:07 AM org.apache.catalina.startup.HostConfig deployDirectory
INFO: Deploying web application directory C:\XpressRules\Policy-Machine-master\apache-tomcat-7.0.82\webapps\manager
Jan 22, 2018 2:51:07 AM org.apache.catalina.startup.HostConfig deployDirectory
INFO: Deployment of web application directory C:\XpressRules\Policy-Machine-master\apache-tomcat-7.0.82\webapps\manager has finished in 47 ms
Jan 22, 2018 2:51:07 AM org.apache.catalina.startup.HostConfig deployDirectory
INFO: Deploying web application directory C:\XpressRules\Policy-Machine-master\apache-tomcat-7.0.82\webapps\ROOT
Jan 22, 2018 2:51:07 AM org.apache.catalina.startup.HostConfig deployDirectory
INFO: Deployment of web application directory C:\XpressRules\Policy-Machine-master\apache-tomcat-7.0.82\webapps\ROOT has finished in 31 ms
Jan 22, 2018 2:51:07 AM org.apache.coyote.AbstractProtocol start
INFO: Starting ProtocolHandler ["http-apr-8080"]
Jan 22, 2018 2:51:07 AM org.apache.coyote.AbstractProtocol start
INFO: Starting ProtocolHandler ["ajp-apr-8009"]
Jan 22, 2018 2:51:07 AM org.apache.catalina.startup.Catalina start
INFO: Server startup in 8066 ms
Jan 22, 2018 2:52:00 AM org.apache.catalina.startup.HostConfig undeploy
INFO: Undeploying context [/pm]
Jan 22, 2018 2:52:00 AM org.apache.catalina.loader.WebappClassLoaderBase clearReferencesJdbc
SEVERE: The web application [/pm] registered the JDBC driver [org.neo4j.jdbc.Driver] but failed to unregister it when the web application was stopped. To prevent a memory leak, the JDBC Driver has been forcibly unregistered.
Jan 22, 2018 2:52:00 AM org.apache.catalina.loader.WebappClassLoaderBase clearReferencesJdbc
SEVERE: The web application [/pm] registered the JDBC driver [org.neo4j.jdbc.http.HttpDriver] but failed to unregister it when the web application was stopped. To prevent a memory leak, the JDBC Driver has been forcibly unregistered.
Jan 22, 2018 2:52:00 AM org.apache.catalina.loader.WebappClassLoaderBase clearReferencesThreads
SEVERE: The web application [/pm] appears to have started a thread named [Thread-2] but has failed to stop it. This is very likely to create a memory leak.
Jan 22, 2018 2:52:08 AM org.apache.catalina.startup.HostConfig deployWAR
INFO: Deploying web application archive C:\XpressRules\Policy-Machine-master\apache-tomcat-7.0.82\webapps\pm.war
Jan 22, 2018 2:52:14 AM org.apache.catalina.loader.WebappClassLoaderBase validateJarFile
INFO: validateJarFile(c:\XpressRules\Policy-Machine-master\apache-tomcat-7.0.82\webapps\pm\WEB-INF\lib\javax.servlet-api-3.1.0.jar) - jar not loaded. See Servlet Spec 3.0, section 10.7.2. Offending class: javax/servlet/Servlet.class
Jan 22, 2018 2:52:18 AM org.apache.catalina.startup.TldConfig execute
INFO: At least one JAR was scanned for TLDs yet contained no TLDs. Enable debug logging for this logger for a complete list of JARs that were scanned but no TLDs were found in them. Skipping unneeded JARs during scanning can improve startup time and JSP compilation time.
Jan 22, 2018 2:52:19 AM org.apache.catalina.startup.HostConfig deployWAR
INFO: Deployment of web application archive C:\XpressRules\Policy-Machine-master\apache-tomcat-7.0.82\webapps\pm.war has finished in 10,998 ms
Jan 22, 2018 3:11:51 AM org.apache.catalina.core.StandardServer await
INFO: A valid shutdown command was received via the shutdown port. Stopping the Server instance.
Jan 22, 2018 3:11:51 AM org.apache.coyote.AbstractProtocol pause
INFO: Pausing ProtocolHandler ["http-apr-8080"]
Jan 22, 2018 3:11:51 AM org.apache.coyote.AbstractProtocol pause
INFO: Pausing ProtocolHandler ["ajp-apr-8009"]
Jan 22, 2018 3:11:51 AM org.apache.catalina.core.StandardService stopInternal
INFO: Stopping service Catalina
Jan 22, 2018 3:11:51 AM org.apache.catalina.loader.WebappClassLoaderBase clearReferencesJdbc
SEVERE: The web application [/pm] registered the JDBC driver [org.neo4j.jdbc.Driver] but failed to unregister it when the web application was stopped. To prevent a memory leak, the JDBC Driver has been forcibly unregistered.
Jan 22, 2018 3:11:51 AM org.apache.catalina.loader.WebappClassLoaderBase clearReferencesJdbc
SEVERE: The web application [/pm] registered the JDBC driver [org.neo4j.jdbc.http.HttpDriver] but failed to unregister it when the web application was stopped. To prevent a memory leak, the JDBC Driver has been forcibly unregistered.
Jan 22, 2018 3:11:51 AM org.apache.catalina.loader.WebappClassLoaderBase clearReferencesJdbc
SEVERE: The web application [/pm] registered the JDBC driver [org.neo4j.jdbc.Driver] but failed to unregister it when the web application was stopped. To prevent a memory leak, the JDBC Driver has been forcibly unregistered.
Jan 22, 2018 3:11:51 AM org.apache.catalina.loader.WebappClassLoaderBase clearReferencesJdbc
SEVERE: The web application [/pm] registered the JDBC driver [org.neo4j.jdbc.http.HttpDriver] but failed to unregister it when the web application was stopped. To prevent a memory leak, the JDBC Driver has been forcibly unregistered.
Jan 22, 2018 3:11:51 AM org.apache.catalina.loader.WebappClassLoaderBase clearReferencesThreads
SEVERE: The web application [/pm] appears to have started a thread named [Thread-4] but has failed to stop it. This is very likely to create a memory leak.
Jan 22, 2018 3:11:51 AM org.apache.catalina.loader.WebappClassLoaderBase clearReferencesThreads
SEVERE: The web application [/pm] appears to have started a thread named [Thread-5] but has failed to stop it. This is very likely to create a memory leak.
Jan 22, 2018 3:11:51 AM org.apache.coyote.AbstractProtocol stop
INFO: Stopping ProtocolHandler ["http-apr-8080"]
Jan 22, 2018 3:11:52 AM org.apache.coyote.AbstractProtocol stop
INFO: Stopping ProtocolHandler ["ajp-apr-8009"]
Jan 22, 2018 3:11:52 AM org.apache.coyote.AbstractProtocol destroy
INFO: Destroying ProtocolHandler ["http-apr-8080"]
Jan 22, 2018 3:11:52 AM org.apache.coyote.AbstractProtocol destroy
INFO: Destroying ProtocolHandler ["ajp-apr-8009"]
Jan 22, 2018 3:12:11 AM org.apache.catalina.startup.VersionLoggerListener log
INFO: Server version:        Apache Tomcat/7.0.82
Jan 22, 2018 3:12:11 AM org.apache.catalina.startup.VersionLoggerListener log
INFO: Server built:          Sep 29 2017 12:23:15 UTC
Jan 22, 2018 3:12:11 AM org.apache.catalina.startup.VersionLoggerListener log
INFO: Server number:         7.0.82.0
Jan 22, 2018 3:12:11 AM org.apache.catalina.startup.VersionLoggerListener log
INFO: OS Name:               Windows 7
Jan 22, 2018 3:12:11 AM org.apache.catalina.startup.VersionLoggerListener log
INFO: OS Version:            6.1
Jan 22, 2018 3:12:11 AM org.apache.catalina.startup.VersionLoggerListener log
INFO: Architecture:          amd64
Jan 22, 2018 3:12:11 AM org.apache.catalina.startup.VersionLoggerListener log
INFO: Java Home:             c:\Program Files\Java\jdk1.8.0_121\jre
Jan 22, 2018 3:12:11 AM org.apache.catalina.startup.VersionLoggerListener log
INFO: JVM Version:           1.8.0_121-b13
Jan 22, 2018 3:12:11 AM org.apache.catalina.startup.VersionLoggerListener log
INFO: JVM Vendor:            Oracle Corporation
Jan 22, 2018 3:12:11 AM org.apache.catalina.startup.VersionLoggerListener log
INFO: CATALINA_BASE:         c:/XpressRules/Policy-Machine-master/apache-tomcat-7.0.82
Jan 22, 2018 3:12:11 AM org.apache.catalina.startup.VersionLoggerListener log
INFO: CATALINA_HOME:         c:/XpressRules/Policy-Machine-master/apache-tomcat-7.0.82
Jan 22, 2018 3:12:11 AM org.apache.catalina.startup.VersionLoggerListener log
INFO: Command line argument: -Djava.util.logging.config.file=c:/XpressRules/Policy-Machine-master/apache-tomcat-7.0.82/conf/logging.properties
Jan 22, 2018 3:12:11 AM org.apache.catalina.startup.VersionLoggerListener log
INFO: Command line argument: -Djava.util.logging.manager=org.apache.juli.ClassLoaderLogManager
Jan 22, 2018 3:12:11 AM org.apache.catalina.startup.VersionLoggerListener log
INFO: Command line argument: -Djdk.tls.ephemeralDHKeySize=2048
Jan 22, 2018 3:12:11 AM org.apache.catalina.startup.VersionLoggerListener log
INFO: Command line argument: -Djava.endorsed.dirs=c:/XpressRules/Policy-Machine-master/apache-tomcat-7.0.82/endorsed
Jan 22, 2018 3:12:11 AM org.apache.catalina.startup.VersionLoggerListener log
INFO: Command line argument: -Dcatalina.base=c:/XpressRules/Policy-Machine-master/apache-tomcat-7.0.82
Jan 22, 2018 3:12:11 AM org.apache.catalina.startup.VersionLoggerListener log
INFO: Command line argument: -Dcatalina.home=c:/XpressRules/Policy-Machine-master/apache-tomcat-7.0.82
Jan 22, 2018 3:12:11 AM org.apache.catalina.startup.VersionLoggerListener log
INFO: Command line argument: -Djava.io.tmpdir=c:/XpressRules/Policy-Machine-master/apache-tomcat-7.0.82/temp
Jan 22, 2018 3:12:11 AM org.apache.catalina.startup.VersionLoggerListener log
INFO: Command line argument: -Djavax.net.preferIPv4Stack=true
Jan 22, 2018 3:12:11 AM org.apache.catalina.core.AprLifecycleListener lifecycleEvent
INFO: Loaded APR based Apache Tomcat Native library 1.2.14 using APR version 1.6.2.
Jan 22, 2018 3:12:11 AM org.apache.catalina.core.AprLifecycleListener lifecycleEvent
INFO: APR capabilities: IPv6 [true], sendfile [true], accept filters [false], random [true].
Jan 22, 2018 3:12:11 AM org.apache.catalina.core.AprLifecycleListener initializeSSL
INFO: OpenSSL successfully initialized (OpenSSL 1.0.2l  25 May 2017)
Jan 22, 2018 3:12:11 AM org.apache.coyote.AbstractProtocol init
INFO: Initializing ProtocolHandler ["http-apr-8080"]
Jan 22, 2018 3:12:11 AM org.apache.coyote.AbstractProtocol init
INFO: Initializing ProtocolHandler ["ajp-apr-8009"]
Jan 22, 2018 3:12:11 AM org.apache.catalina.startup.Catalina load
INFO: Initialization processed in 1138 ms
Jan 22, 2018 3:12:11 AM org.apache.catalina.core.StandardService startInternal
INFO: Starting service Catalina
Jan 22, 2018 3:12:11 AM org.apache.catalina.core.StandardEngine startInternal
INFO: Starting Servlet Engine: Apache Tomcat/7.0.82
Jan 22, 2018 3:12:11 AM org.apache.catalina.startup.HostConfig deployWAR
INFO: Deploying web application archive C:\XpressRules\Policy-Machine-master\apache-tomcat-7.0.82\webapps\pm.war
Jan 22, 2018 3:12:12 AM org.apache.catalina.loader.WebappClassLoaderBase validateJarFile
INFO: validateJarFile(c:\XpressRules\Policy-Machine-master\apache-tomcat-7.0.82\webapps\pm\WEB-INF\lib\javax.servlet-api-3.1.0.jar) - jar not loaded. See Servlet Spec 3.0, section 10.7.2. Offending class: javax/servlet/Servlet.class
Jan 22, 2018 3:12:17 AM org.apache.catalina.startup.TldConfig execute
INFO: At least one JAR was scanned for TLDs yet contained no TLDs. Enable debug logging for this logger for a complete list of JARs that were scanned but no TLDs were found in them. Skipping unneeded JARs during scanning can improve startup time and JSP compilation time.
Jan 22, 2018 3:12:17 AM org.apache.catalina.util.SessionIdGeneratorBase createSecureRandom
WARNING: Creation of SecureRandom instance for session ID generation using [SHA1PRNG] took [202] milliseconds.
Jan 22, 2018 3:12:22 AM org.apache.catalina.startup.HostConfig deployWAR
INFO: Deployment of web application archive C:\XpressRules\Policy-Machine-master\apache-tomcat-7.0.82\webapps\pm.war has finished in 10,265 ms
Jan 22, 2018 3:12:22 AM org.apache.catalina.startup.HostConfig deployDirectory
INFO: Deploying web application directory C:\XpressRules\Policy-Machine-master\apache-tomcat-7.0.82\webapps\docs
Jan 22, 2018 3:12:22 AM org.apache.catalina.startup.HostConfig deployDirectory
INFO: Deployment of web application directory C:\XpressRules\Policy-Machine-master\apache-tomcat-7.0.82\webapps\docs has finished in 31 ms
Jan 22, 2018 3:12:22 AM org.apache.catalina.startup.HostConfig deployDirectory
INFO: Deploying web application directory C:\XpressRules\Policy-Machine-master\apache-tomcat-7.0.82\webapps\examples
Jan 22, 2018 3:12:22 AM org.apache.catalina.startup.HostConfig deployDirectory
INFO: Deployment of web application directory C:\XpressRules\Policy-Machine-master\apache-tomcat-7.0.82\webapps\examples has finished in 296 ms
Jan 22, 2018 3:12:22 AM org.apache.catalina.startup.HostConfig deployDirectory
INFO: Deploying web application directory C:\XpressRules\Policy-Machine-master\apache-tomcat-7.0.82\webapps\host-manager
Jan 22, 2018 3:12:22 AM org.apache.catalina.startup.HostConfig deployDirectory
INFO: Deployment of web application directory C:\XpressRules\Policy-Machine-master\apache-tomcat-7.0.82\webapps\host-manager has finished in 125 ms
Jan 22, 2018 3:12:22 AM org.apache.catalina.startup.HostConfig deployDirectory
INFO: Deploying web application directory C:\XpressRules\Policy-Machine-master\apache-tomcat-7.0.82\webapps\manager
Jan 22, 2018 3:12:22 AM org.apache.catalina.startup.HostConfig deployDirectory
INFO: Deployment of web application directory C:\XpressRules\Policy-Machine-master\apache-tomcat-7.0.82\webapps\manager has finished in 47 ms
Jan 22, 2018 3:12:22 AM org.apache.catalina.startup.HostConfig deployDirectory
INFO: Deploying web application directory C:\XpressRules\Policy-Machine-master\apache-tomcat-7.0.82\webapps\ROOT
Jan 22, 2018 3:12:22 AM org.apache.catalina.startup.HostConfig deployDirectory
INFO: Deployment of web application directory C:\XpressRules\Policy-Machine-master\apache-tomcat-7.0.82\webapps\ROOT has finished in 47 ms
Jan 22, 2018 3:12:22 AM org.apache.coyote.AbstractProtocol start
INFO: Starting ProtocolHandler ["http-apr-8080"]
Jan 22, 2018 3:12:22 AM org.apache.coyote.AbstractProtocol start
INFO: Starting ProtocolHandler ["ajp-apr-8009"]
Jan 22, 2018 3:12:22 AM org.apache.catalina.startup.Catalina start
INFO: Server startup in 10970 ms
Jan 22, 2018 3:18:04 AM org.apache.catalina.startup.HostConfig undeploy
INFO: Undeploying context [/pm]
Jan 22, 2018 3:18:04 AM org.apache.catalina.loader.WebappClassLoaderBase clearReferencesJdbc
SEVERE: The web application [/pm] registered the JDBC driver [org.neo4j.jdbc.Driver] but failed to unregister it when the web application was stopped. To prevent a memory leak, the JDBC Driver has been forcibly unregistered.
Jan 22, 2018 3:18:04 AM org.apache.catalina.loader.WebappClassLoaderBase clearReferencesJdbc
SEVERE: The web application [/pm] registered the JDBC driver [org.neo4j.jdbc.http.HttpDriver] but failed to unregister it when the web application was stopped. To prevent a memory leak, the JDBC Driver has been forcibly unregistered.
Jan 22, 2018 3:18:04 AM org.apache.catalina.loader.WebappClassLoaderBase clearReferencesThreads
SEVERE: The web application [/pm] appears to have started a thread named [Thread-2] but has failed to stop it. This is very likely to create a memory leak.
Jan 22, 2018 3:18:05 AM org.apache.catalina.startup.HostConfig deployWAR
INFO: Deploying web application archive C:\XpressRules\Policy-Machine-master\apache-tomcat-7.0.82\webapps\pm.war
Jan 22, 2018 3:18:13 AM org.apache.catalina.loader.WebappClassLoaderBase validateJarFile
INFO: validateJarFile(c:\XpressRules\Policy-Machine-master\apache-tomcat-7.0.82\webapps\pm\WEB-INF\lib\javax.servlet-api-3.1.0.jar) - jar not loaded. See Servlet Spec 3.0, section 10.7.2. Offending class: javax/servlet/Servlet.class
Jan 22, 2018 3:18:17 AM org.apache.catalina.startup.TldConfig execute
INFO: At least one JAR was scanned for TLDs yet contained no TLDs. Enable debug logging for this logger for a complete list of JARs that were scanned but no TLDs were found in them. Skipping unneeded JARs during scanning can improve startup time and JSP compilation time.
Jan 22, 2018 3:18:19 AM org.apache.catalina.startup.HostConfig deployWAR
INFO: Deployment of web application archive C:\XpressRules\Policy-Machine-master\apache-tomcat-7.0.82\webapps\pm.war has finished in 13,650 ms
Jan 22, 2018 3:20:55 AM org.apache.catalina.startup.HostConfig undeploy
INFO: Undeploying context [/pm]
Jan 22, 2018 3:20:55 AM org.apache.catalina.loader.WebappClassLoaderBase clearReferencesJdbc
SEVERE: The web application [/pm] registered the JDBC driver [org.neo4j.jdbc.Driver] but failed to unregister it when the web application was stopped. To prevent a memory leak, the JDBC Driver has been forcibly unregistered.
Jan 22, 2018 3:20:55 AM org.apache.catalina.loader.WebappClassLoaderBase clearReferencesJdbc
SEVERE: The web application [/pm] registered the JDBC driver [org.neo4j.jdbc.http.HttpDriver] but failed to unregister it when the web application was stopped. To prevent a memory leak, the JDBC Driver has been forcibly unregistered.
Jan 22, 2018 3:20:55 AM org.apache.catalina.loader.WebappClassLoaderBase clearReferencesJdbc
SEVERE: The web application [/pm] registered the JDBC driver [org.neo4j.jdbc.Driver] but failed to unregister it when the web application was stopped. To prevent a memory leak, the JDBC Driver has been forcibly unregistered.
Jan 22, 2018 3:20:55 AM org.apache.catalina.loader.WebappClassLoaderBase clearReferencesJdbc
SEVERE: The web application [/pm] registered the JDBC driver [org.neo4j.jdbc.http.HttpDriver] but failed to unregister it when the web application was stopped. To prevent a memory leak, the JDBC Driver has been forcibly unregistered.
Jan 22, 2018 3:20:55 AM org.apache.catalina.loader.WebappClassLoaderBase clearReferencesThreads
SEVERE: The web application [/pm] appears to have started a thread named [Thread-4] but has failed to stop it. This is very likely to create a memory leak.
Jan 22, 2018 3:20:55 AM org.apache.catalina.loader.WebappClassLoaderBase clearReferencesThreads
SEVERE: The web application [/pm] appears to have started a thread named [Thread-5] but has failed to stop it. This is very likely to create a memory leak.
Jan 22, 2018 3:20:57 AM org.apache.catalina.startup.HostConfig deployWAR
INFO: Deploying web application archive C:\XpressRules\Policy-Machine-master\apache-tomcat-7.0.82\webapps\pm.war
Jan 22, 2018 3:21:06 AM org.apache.catalina.loader.WebappClassLoaderBase validateJarFile
INFO: validateJarFile(c:\XpressRules\Policy-Machine-master\apache-tomcat-7.0.82\webapps\pm\WEB-INF\lib\javax.servlet-api-3.1.0.jar) - jar not loaded. See Servlet Spec 3.0, section 10.7.2. Offending class: javax/servlet/Servlet.class
Jan 22, 2018 3:21:10 AM org.apache.catalina.startup.TldConfig execute
INFO: At least one JAR was scanned for TLDs yet contained no TLDs. Enable debug logging for this logger for a complete list of JARs that were scanned but no TLDs were found in them. Skipping unneeded JARs during scanning can improve startup time and JSP compilation time.
Jan 22, 2018 3:21:11 AM org.apache.catalina.startup.HostConfig deployWAR
INFO: Deployment of web application archive C:\XpressRules\Policy-Machine-master\apache-tomcat-7.0.82\webapps\pm.war has finished in 13,618 ms
