Jan 22, 2018 2:32:42 AM org.apache.catalina.core.ApplicationContext log
INFO: SessionListener: contextDestroyed()
Jan 22, 2018 2:32:42 AM org.apache.catalina.core.ApplicationContext log
INFO: ContextListener: contextDestroyed()
Jan 22, 2018 2:33:05 AM org.apache.catalina.core.ApplicationContext log
INFO: ContextListener: contextInitialized()
Jan 22, 2018 2:33:05 AM org.apache.catalina.core.ApplicationContext log
INFO: SessionListener: contextInitialized()
Jan 22, 2018 2:33:05 AM org.apache.catalina.core.ApplicationContext log
INFO: ContextListener: attributeAdded('org.apache.jasper.compiler.TldLocationsCache', 'org.apache.jasper.compiler.TldLocationsCache@1d6f62cd')
Jan 22, 2018 2:50:52 AM org.apache.catalina.core.ApplicationContext log
INFO: SessionListener: contextDestroyed()
Jan 22, 2018 2:50:52 AM org.apache.catalina.core.ApplicationContext log
INFO: ContextListener: contextDestroyed()
Jan 22, 2018 2:51:07 AM org.apache.catalina.core.ApplicationContext log
INFO: ContextListener: contextInitialized()
Jan 22, 2018 2:51:07 AM org.apache.catalina.core.ApplicationContext log
INFO: SessionListener: contextInitialized()
Jan 22, 2018 2:51:07 AM org.apache.catalina.core.ApplicationContext log
INFO: ContextListener: attributeAdded('org.apache.jasper.compiler.TldLocationsCache', 'org.apache.jasper.compiler.TldLocationsCache@32b2a234')
Jan 22, 2018 3:11:51 AM org.apache.catalina.core.ApplicationContext log
INFO: SessionListener: contextDestroyed()
Jan 22, 2018 3:11:51 AM org.apache.catalina.core.ApplicationContext log
INFO: ContextListener: contextDestroyed()
Jan 22, 2018 3:12:22 AM org.apache.catalina.core.ApplicationContext log
INFO: ContextListener: contextInitialized()
Jan 22, 2018 3:12:22 AM org.apache.catalina.core.ApplicationContext log
INFO: SessionListener: contextInitialized()
Jan 22, 2018 3:12:22 AM org.apache.catalina.core.ApplicationContext log
INFO: ContextListener: attributeAdded('org.apache.jasper.compiler.TldLocationsCache', 'org.apache.jasper.compiler.TldLocationsCache@14ec7902')
