Jan 20, 2018 1:16:13 PM org.apache.catalina.core.ApplicationContext log
INFO: SessionListener: contextDestroyed()
Jan 20, 2018 1:16:13 PM org.apache.catalina.core.ApplicationContext log
INFO: ContextListener: contextDestroyed()
Jan 20, 2018 1:16:45 PM org.apache.catalina.core.ApplicationContext log
INFO: ContextListener: contextInitialized()
Jan 20, 2018 1:16:45 PM org.apache.catalina.core.ApplicationContext log
INFO: SessionListener: contextInitialized()
Jan 20, 2018 1:16:45 PM org.apache.catalina.core.ApplicationContext log
INFO: ContextListener: attributeAdded('org.apache.jasper.compiler.TldLocationsCache', 'org.apache.jasper.compiler.TldLocationsCache@58fbcf2e')
Jan 20, 2018 1:28:47 PM org.apache.catalina.core.ApplicationContext log
INFO: SessionListener: contextDestroyed()
Jan 20, 2018 1:28:47 PM org.apache.catalina.core.ApplicationContext log
INFO: ContextListener: contextDestroyed()
Jan 20, 2018 1:29:06 PM org.apache.catalina.core.ApplicationContext log
INFO: ContextListener: contextInitialized()
Jan 20, 2018 1:29:06 PM org.apache.catalina.core.ApplicationContext log
INFO: SessionListener: contextInitialized()
Jan 20, 2018 1:29:06 PM org.apache.catalina.core.ApplicationContext log
INFO: ContextListener: attributeAdded('org.apache.jasper.compiler.TldLocationsCache', 'org.apache.jasper.compiler.TldLocationsCache@76feec9c')
Jan 20, 2018 1:43:35 PM org.apache.catalina.core.ApplicationContext log
INFO: SessionListener: contextDestroyed()
Jan 20, 2018 1:43:35 PM org.apache.catalina.core.ApplicationContext log
INFO: ContextListener: contextDestroyed()
Jan 20, 2018 1:43:51 PM org.apache.catalina.core.ApplicationContext log
INFO: ContextListener: contextInitialized()
Jan 20, 2018 1:43:51 PM org.apache.catalina.core.ApplicationContext log
INFO: SessionListener: contextInitialized()
Jan 20, 2018 1:43:51 PM org.apache.catalina.core.ApplicationContext log
INFO: ContextListener: attributeAdded('org.apache.jasper.compiler.TldLocationsCache', 'org.apache.jasper.compiler.TldLocationsCache@3f156f')
Jan 20, 2018 2:58:33 PM org.apache.catalina.core.ApplicationContext log
INFO: SessionListener: contextDestroyed()
Jan 20, 2018 2:58:33 PM org.apache.catalina.core.ApplicationContext log
INFO: ContextListener: contextDestroyed()
Jan 20, 2018 5:16:02 PM org.apache.catalina.core.ApplicationContext log
INFO: ContextListener: contextInitialized()
Jan 20, 2018 5:16:02 PM org.apache.catalina.core.ApplicationContext log
INFO: SessionListener: contextInitialized()
Jan 20, 2018 5:16:02 PM org.apache.catalina.core.ApplicationContext log
INFO: ContextListener: attributeAdded('org.apache.jasper.compiler.TldLocationsCache', 'org.apache.jasper.compiler.TldLocationsCache@1d39809f')
Jan 20, 2018 5:41:50 PM org.apache.catalina.core.ApplicationContext log
INFO: SessionListener: contextDestroyed()
Jan 20, 2018 5:41:50 PM org.apache.catalina.core.ApplicationContext log
INFO: ContextListener: contextDestroyed()
Jan 20, 2018 5:42:06 PM org.apache.catalina.core.ApplicationContext log
INFO: ContextListener: contextInitialized()
Jan 20, 2018 5:42:06 PM org.apache.catalina.core.ApplicationContext log
INFO: SessionListener: contextInitialized()
Jan 20, 2018 5:42:06 PM org.apache.catalina.core.ApplicationContext log
INFO: ContextListener: attributeAdded('org.apache.jasper.compiler.TldLocationsCache', 'org.apache.jasper.compiler.TldLocationsCache@2adcd230')
Jan 20, 2018 6:26:41 PM org.apache.catalina.core.ApplicationContext log
INFO: ContextListener: contextInitialized()
Jan 20, 2018 6:26:41 PM org.apache.catalina.core.ApplicationContext log
INFO: SessionListener: contextInitialized()
Jan 20, 2018 6:26:41 PM org.apache.catalina.core.ApplicationContext log
INFO: ContextListener: attributeAdded('org.apache.jasper.compiler.TldLocationsCache', 'org.apache.jasper.compiler.TldLocationsCache@6b8c9982')
Jan 20, 2018 6:26:42 PM org.apache.catalina.core.ApplicationContext log
INFO: SessionListener: contextDestroyed()
Jan 20, 2018 6:26:42 PM org.apache.catalina.core.ApplicationContext log
INFO: ContextListener: contextDestroyed()
Jan 20, 2018 6:29:57 PM org.apache.catalina.core.ApplicationContext log
INFO: ContextListener: contextInitialized()
Jan 20, 2018 6:29:57 PM org.apache.catalina.core.ApplicationContext log
INFO: SessionListener: contextInitialized()
Jan 20, 2018 6:29:57 PM org.apache.catalina.core.ApplicationContext log
INFO: ContextListener: attributeAdded('org.apache.jasper.compiler.TldLocationsCache', 'org.apache.jasper.compiler.TldLocationsCache@6b8c9982')
Jan 20, 2018 6:29:57 PM org.apache.catalina.core.ApplicationContext log
INFO: SessionListener: contextDestroyed()
Jan 20, 2018 6:29:57 PM org.apache.catalina.core.ApplicationContext log
INFO: ContextListener: contextDestroyed()
Jan 20, 2018 6:33:35 PM org.apache.catalina.core.ApplicationContext log
INFO: ContextListener: contextInitialized()
Jan 20, 2018 6:33:35 PM org.apache.catalina.core.ApplicationContext log
INFO: SessionListener: contextInitialized()
Jan 20, 2018 6:33:35 PM org.apache.catalina.core.ApplicationContext log
INFO: ContextListener: attributeAdded('org.apache.jasper.compiler.TldLocationsCache', 'org.apache.jasper.compiler.TldLocationsCache@6b8c9982')
Jan 20, 2018 6:33:36 PM org.apache.catalina.core.ApplicationContext log
INFO: SessionListener: contextDestroyed()
Jan 20, 2018 6:33:36 PM org.apache.catalina.core.ApplicationContext log
INFO: ContextListener: contextDestroyed()
Jan 20, 2018 6:34:17 PM org.apache.catalina.core.ApplicationContext log
INFO: SessionListener: contextDestroyed()
Jan 20, 2018 6:34:17 PM org.apache.catalina.core.ApplicationContext log
INFO: ContextListener: contextDestroyed()
Jan 20, 2018 6:34:45 PM org.apache.catalina.core.ApplicationContext log
INFO: ContextListener: contextInitialized()
Jan 20, 2018 6:34:45 PM org.apache.catalina.core.ApplicationContext log
INFO: SessionListener: contextInitialized()
Jan 20, 2018 6:34:45 PM org.apache.catalina.core.ApplicationContext log
INFO: ContextListener: attributeAdded('org.apache.jasper.compiler.TldLocationsCache', 'org.apache.jasper.compiler.TldLocationsCache@15906579')
Jan 20, 2018 6:35:54 PM org.apache.catalina.core.ApplicationContext log
INFO: SessionListener: contextDestroyed()
Jan 20, 2018 6:35:54 PM org.apache.catalina.core.ApplicationContext log
INFO: ContextListener: contextDestroyed()
Jan 20, 2018 6:36:38 PM org.apache.catalina.core.ApplicationContext log
INFO: ContextListener: contextInitialized()
Jan 20, 2018 6:36:38 PM org.apache.catalina.core.ApplicationContext log
INFO: SessionListener: contextInitialized()
Jan 20, 2018 6:36:38 PM org.apache.catalina.core.ApplicationContext log
INFO: ContextListener: attributeAdded('org.apache.jasper.compiler.TldLocationsCache', 'org.apache.jasper.compiler.TldLocationsCache@15906579')
Jan 20, 2018 6:36:50 PM org.apache.catalina.core.ApplicationContext log
INFO: SessionListener: contextDestroyed()
Jan 20, 2018 6:36:50 PM org.apache.catalina.core.ApplicationContext log
INFO: ContextListener: contextDestroyed()
Jan 20, 2018 6:37:48 PM org.apache.catalina.core.ApplicationContext log
INFO: ContextListener: contextInitialized()
Jan 20, 2018 6:37:48 PM org.apache.catalina.core.ApplicationContext log
INFO: SessionListener: contextInitialized()
Jan 20, 2018 6:37:48 PM org.apache.catalina.core.ApplicationContext log
INFO: ContextListener: attributeAdded('org.apache.jasper.compiler.TldLocationsCache', 'org.apache.jasper.compiler.TldLocationsCache@5d0a335d')
Jan 20, 2018 6:47:21 PM org.apache.catalina.core.ApplicationContext log
INFO: SessionListener: contextDestroyed()
Jan 20, 2018 6:47:21 PM org.apache.catalina.core.ApplicationContext log
INFO: ContextListener: contextDestroyed()
Jan 20, 2018 6:47:29 PM org.apache.catalina.core.ApplicationContext log
INFO: ContextListener: contextInitialized()
Jan 20, 2018 6:47:29 PM org.apache.catalina.core.ApplicationContext log
INFO: SessionListener: contextInitialized()
Jan 20, 2018 6:47:29 PM org.apache.catalina.core.ApplicationContext log
INFO: ContextListener: attributeAdded('org.apache.jasper.compiler.TldLocationsCache', 'org.apache.jasper.compiler.TldLocationsCache@15906579')
Jan 20, 2018 6:47:29 PM org.apache.catalina.core.ApplicationContext log
INFO: ContextListener: contextInitialized()
Jan 20, 2018 6:47:29 PM org.apache.catalina.core.ApplicationContext log
INFO: SessionListener: contextInitialized()
Jan 20, 2018 6:47:29 PM org.apache.catalina.core.ApplicationContext log
INFO: ContextListener: attributeAdded('org.apache.jasper.compiler.TldLocationsCache', 'org.apache.jasper.compiler.TldLocationsCache@6b8c9982')
Jan 20, 2018 6:47:30 PM org.apache.catalina.core.ApplicationContext log
INFO: SessionListener: contextDestroyed()
Jan 20, 2018 6:47:30 PM org.apache.catalina.core.ApplicationContext log
INFO: ContextListener: contextDestroyed()
Jan 20, 2018 7:00:55 PM org.apache.catalina.core.ApplicationContext log
INFO: ContextListener: contextInitialized()
Jan 20, 2018 7:00:55 PM org.apache.catalina.core.ApplicationContext log
INFO: SessionListener: contextInitialized()
Jan 20, 2018 7:00:55 PM org.apache.catalina.core.ApplicationContext log
INFO: ContextListener: attributeAdded('org.apache.jasper.compiler.TldLocationsCache', 'org.apache.jasper.compiler.TldLocationsCache@609bf575')
Jan 20, 2018 9:30:42 PM org.apache.catalina.core.ApplicationContext log
INFO: SessionListener: contextDestroyed()
Jan 20, 2018 9:30:42 PM org.apache.catalina.core.ApplicationContext log
INFO: ContextListener: contextDestroyed()
Jan 20, 2018 9:31:14 PM org.apache.catalina.core.ApplicationContext log
INFO: ContextListener: contextInitialized()
Jan 20, 2018 9:31:14 PM org.apache.catalina.core.ApplicationContext log
INFO: SessionListener: contextInitialized()
Jan 20, 2018 9:31:14 PM org.apache.catalina.core.ApplicationContext log
INFO: ContextListener: attributeAdded('org.apache.jasper.compiler.TldLocationsCache', 'org.apache.jasper.compiler.TldLocationsCache@3a3a28d3')
