Dec 27, 2017 12:45:53 PM org.apache.catalina.core.ApplicationContext log
INFO: Manager: init: Associated with Deployer 'Catalina:type=Deployer,host=localhost'
Dec 27, 2017 12:45:53 PM org.apache.catalina.core.ApplicationContext log
INFO: Manager: init: Global resources are available
Dec 27, 2017 12:45:53 PM org.apache.catalina.core.ApplicationContext log
INFO: Manager: deploy: Deploying web application '/pm'
Dec 27, 2017 12:45:53 PM org.apache.catalina.core.ApplicationContext log
INFO: Manager: Uploading WAR file to c:\XpressRules\Policy-Machine-master\apache-tomcat-7.0.82\webapps\pm.war
Dec 27, 2017 1:51:49 PM org.apache.catalina.core.ApplicationContext log
INFO: Manager: init: Associated with Deployer 'Catalina:type=Deployer,host=localhost'
Dec 27, 2017 1:51:49 PM org.apache.catalina.core.ApplicationContext log
INFO: Manager: init: Global resources are available
Dec 27, 2017 1:51:49 PM org.apache.catalina.core.ApplicationContext log
INFO: Manager: deploy: Deploying web application '/pm'
Dec 27, 2017 1:51:49 PM org.apache.catalina.core.ApplicationContext log
INFO: Manager: deploy: Deploying web application '/pm'
Dec 27, 2017 1:51:49 PM org.apache.catalina.core.ApplicationContext log
INFO: Manager: deploy: Deploying web application '/pm'
Dec 27, 2017 1:51:49 PM org.apache.catalina.core.ApplicationContext log
INFO: Manager: deploy: Deploying web application '/pm'
Dec 27, 2017 1:55:38 PM org.apache.catalina.core.ApplicationContext log
INFO: Manager: init: Associated with Deployer 'Catalina:type=Deployer,host=localhost'
Dec 27, 2017 1:55:38 PM org.apache.catalina.core.ApplicationContext log
INFO: Manager: init: Global resources are available
Dec 27, 2017 1:55:38 PM org.apache.catalina.core.ApplicationContext log
INFO: Manager: deploy: Deploying web application '/pm'
Dec 27, 2017 1:55:38 PM org.apache.catalina.core.ApplicationContext log
INFO: Manager: deploy: Deploying web application '/pm'
Dec 27, 2017 1:55:38 PM org.apache.catalina.core.ApplicationContext log
INFO: Manager: deploy: Deploying web application '/pm'
Dec 27, 2017 1:55:38 PM org.apache.catalina.core.ApplicationContext log
INFO: Manager: deploy: Deploying web application '/pm'
Dec 27, 2017 1:57:25 PM org.apache.catalina.core.ApplicationContext log
INFO: Manager: deploy: Deploying web application '/pm'
Dec 27, 2017 1:57:25 PM org.apache.catalina.core.ApplicationContext log
INFO: Manager: deploy: Deploying web application '/pm'
Dec 27, 2017 1:57:25 PM org.apache.catalina.core.ApplicationContext log
INFO: Manager: deploy: Deploying web application '/pm'
Dec 27, 2017 1:57:25 PM org.apache.catalina.core.ApplicationContext log
INFO: Manager: deploy: Deploying web application '/pm'
Dec 27, 2017 2:11:07 PM org.apache.catalina.core.ApplicationContext log
INFO: Manager: deploy: Deploying web application '/pm'
Dec 27, 2017 2:11:16 PM org.apache.catalina.core.ApplicationContext log
INFO: Manager: deploy: Deploying web application '/pm'
Dec 27, 2017 2:11:25 PM org.apache.catalina.core.ApplicationContext log
INFO: Manager: deploy: Deploying web application '/pm'
Dec 27, 2017 2:11:35 PM org.apache.catalina.core.ApplicationContext log
INFO: Manager: deploy: Deploying web application '/pm'
Dec 27, 2017 5:52:13 PM org.apache.catalina.core.ApplicationContext log
INFO: Manager: init: Associated with Deployer 'Catalina:type=Deployer,host=localhost'
Dec 27, 2017 5:52:13 PM org.apache.catalina.core.ApplicationContext log
INFO: Manager: init: Global resources are available
Dec 27, 2017 5:52:13 PM org.apache.catalina.core.ApplicationContext log
INFO: Manager: deploy: Deploying web application '/pm'
Dec 27, 2017 5:52:13 PM org.apache.catalina.core.ApplicationContext log
INFO: Manager: deploy: Deploying web application '/pm'
Dec 27, 2017 5:52:13 PM org.apache.catalina.core.ApplicationContext log
INFO: Manager: deploy: Deploying web application '/pm'
Dec 27, 2017 5:52:14 PM org.apache.catalina.core.ApplicationContext log
INFO: Manager: deploy: Deploying web application '/pm'
Dec 27, 2017 5:53:01 PM org.apache.catalina.core.ApplicationContext log
INFO: Manager: deploy: Deploying web application '/pm'
Dec 27, 2017 5:53:01 PM org.apache.catalina.core.ApplicationContext log
INFO: Manager: deploy: Deploying web application '/pm'
Dec 27, 2017 5:53:01 PM org.apache.catalina.core.ApplicationContext log
INFO: Manager: deploy: Deploying web application '/pm'
Dec 27, 2017 5:53:01 PM org.apache.catalina.core.ApplicationContext log
INFO: Manager: deploy: Deploying web application '/pm'
Dec 27, 2017 6:12:15 PM org.apache.catalina.core.ApplicationContext log
INFO: Manager: init: Associated with Deployer 'Catalina:type=Deployer,host=localhost'
Dec 27, 2017 6:12:15 PM org.apache.catalina.core.ApplicationContext log
INFO: Manager: init: Global resources are available
Dec 27, 2017 6:12:15 PM org.apache.catalina.core.ApplicationContext log
INFO: Manager: deploy: Deploying web application '/pm'
Dec 27, 2017 6:12:15 PM org.apache.catalina.core.ApplicationContext log
INFO: Manager: deploy: Deploying web application '/pm'
Dec 27, 2017 6:12:15 PM org.apache.catalina.core.ApplicationContext log
INFO: Manager: deploy: Deploying web application '/pm'
Dec 27, 2017 6:12:15 PM org.apache.catalina.core.ApplicationContext log
INFO: Manager: deploy: Deploying web application '/pm'
Dec 27, 2017 6:12:54 PM org.apache.catalina.core.ApplicationContext log
INFO: Manager: deploy: Deploying web application '/pm'
Dec 27, 2017 6:12:54 PM org.apache.catalina.core.ApplicationContext log
INFO: Manager: deploy: Deploying web application '/pm'
Dec 27, 2017 6:12:54 PM org.apache.catalina.core.ApplicationContext log
INFO: Manager: deploy: Deploying web application '/pm'
Dec 27, 2017 6:12:54 PM org.apache.catalina.core.ApplicationContext log
INFO: Manager: deploy: Deploying web application '/pm'
Dec 27, 2017 6:14:43 PM org.apache.catalina.core.ApplicationContext log
INFO: Manager: init: Associated with Deployer 'Catalina:type=Deployer,host=localhost'
Dec 27, 2017 6:14:43 PM org.apache.catalina.core.ApplicationContext log
INFO: Manager: init: Global resources are available
Dec 27, 2017 6:14:43 PM org.apache.catalina.core.ApplicationContext log
INFO: Manager: deploy: Deploying web application '/pm'
Dec 27, 2017 6:14:43 PM org.apache.catalina.core.ApplicationContext log
INFO: Manager: deploy: Deploying web application '/pm'
Dec 27, 2017 6:14:43 PM org.apache.catalina.core.ApplicationContext log
INFO: Manager: deploy: Deploying web application '/pm'
Dec 27, 2017 6:14:43 PM org.apache.catalina.core.ApplicationContext log
INFO: Manager: deploy: Deploying web application '/pm'
Dec 27, 2017 6:28:27 PM org.apache.catalina.core.ApplicationContext log
INFO: Manager: init: Associated with Deployer 'Catalina:type=Deployer,host=localhost'
Dec 27, 2017 6:28:27 PM org.apache.catalina.core.ApplicationContext log
INFO: Manager: init: Global resources are available
Dec 27, 2017 6:28:27 PM org.apache.catalina.core.ApplicationContext log
INFO: Manager: deploy: Deploying web application '/pm'
Dec 27, 2017 6:28:27 PM org.apache.catalina.core.ApplicationContext log
INFO: Manager: deploy: Deploying web application '/pm'
Dec 27, 2017 6:28:27 PM org.apache.catalina.core.ApplicationContext log
INFO: Manager: deploy: Deploying web application '/pm'
Dec 27, 2017 6:28:27 PM org.apache.catalina.core.ApplicationContext log
INFO: Manager: deploy: Deploying web application '/pm'
Dec 27, 2017 6:31:13 PM org.apache.catalina.core.ApplicationContext log
INFO: Manager: init: Associated with Deployer 'Catalina:type=Deployer,host=localhost'
Dec 27, 2017 6:31:13 PM org.apache.catalina.core.ApplicationContext log
INFO: Manager: init: Global resources are available
Dec 27, 2017 6:31:13 PM org.apache.catalina.core.ApplicationContext log
INFO: Manager: deploy: Deploying web application '/pm'
Dec 27, 2017 6:31:13 PM org.apache.catalina.core.ApplicationContext log
INFO: Manager: deploy: Deploying web application '/pm'
Dec 27, 2017 6:31:13 PM org.apache.catalina.core.ApplicationContext log
INFO: Manager: deploy: Deploying web application '/pm'
Dec 27, 2017 6:31:13 PM org.apache.catalina.core.ApplicationContext log
INFO: Manager: deploy: Deploying web application '/pm'
Dec 27, 2017 6:33:45 PM org.apache.catalina.core.ApplicationContext log
INFO: Manager: init: Associated with Deployer 'Catalina:type=Deployer,host=localhost'
Dec 27, 2017 6:33:45 PM org.apache.catalina.core.ApplicationContext log
INFO: Manager: init: Global resources are available
Dec 27, 2017 6:33:45 PM org.apache.catalina.core.ApplicationContext log
INFO: Manager: deploy: Deploying web application '/pm'
Dec 27, 2017 6:33:45 PM org.apache.catalina.core.ApplicationContext log
INFO: Manager: deploy: Deploying web application '/pm'
Dec 27, 2017 6:33:45 PM org.apache.catalina.core.ApplicationContext log
INFO: Manager: deploy: Deploying web application '/pm'
Dec 27, 2017 6:33:45 PM org.apache.catalina.core.ApplicationContext log
INFO: Manager: deploy: Deploying web application '/pm'
Dec 27, 2017 6:36:10 PM org.apache.catalina.core.ApplicationContext log
INFO: Manager: deploy: Deploying web application '/pm'
Dec 27, 2017 6:36:10 PM org.apache.catalina.core.ApplicationContext log
INFO: Manager: deploy: Deploying web application '/pm'
Dec 27, 2017 6:36:10 PM org.apache.catalina.core.ApplicationContext log
INFO: Manager: deploy: Deploying web application '/pm'
Dec 27, 2017 6:36:10 PM org.apache.catalina.core.ApplicationContext log
INFO: Manager: deploy: Deploying web application '/pm'
Dec 27, 2017 6:41:36 PM org.apache.catalina.core.ApplicationContext log
INFO: Manager: init: Associated with Deployer 'Catalina:type=Deployer,host=localhost'
Dec 27, 2017 6:41:36 PM org.apache.catalina.core.ApplicationContext log
INFO: Manager: init: Global resources are available
Dec 27, 2017 6:41:36 PM org.apache.catalina.core.ApplicationContext log
INFO: Manager: deploy: Deploying web application '/pm'
Dec 27, 2017 6:41:36 PM org.apache.catalina.core.ApplicationContext log
INFO: Manager: deploy: Deploying web application '/pm'
Dec 27, 2017 6:41:36 PM org.apache.catalina.core.ApplicationContext log
INFO: Manager: deploy: Deploying web application '/pm'
Dec 27, 2017 6:41:36 PM org.apache.catalina.core.ApplicationContext log
INFO: Manager: deploy: Deploying web application '/pm'
Dec 27, 2017 6:42:32 PM org.apache.catalina.core.ApplicationContext log
INFO: Manager: init: Associated with Deployer 'Catalina:type=Deployer,host=localhost'
Dec 27, 2017 6:42:32 PM org.apache.catalina.core.ApplicationContext log
INFO: Manager: init: Global resources are available
Dec 27, 2017 6:42:32 PM org.apache.catalina.core.ApplicationContext log
INFO: Manager: deploy: Deploying web application '/pm'
Dec 27, 2017 6:42:32 PM org.apache.catalina.core.ApplicationContext log
INFO: Manager: deploy: Deploying web application '/pm'
Dec 27, 2017 6:42:32 PM org.apache.catalina.core.ApplicationContext log
INFO: Manager: deploy: Deploying web application '/pm'
Dec 27, 2017 6:42:32 PM org.apache.catalina.core.ApplicationContext log
INFO: Manager: deploy: Deploying web application '/pm'
Dec 27, 2017 6:44:15 PM org.apache.catalina.core.ApplicationContext log
INFO: Manager: deploy: Deploying web application '/pm'
Dec 27, 2017 6:44:15 PM org.apache.catalina.core.ApplicationContext log
INFO: Manager: deploy: Deploying web application '/pm'
Dec 27, 2017 6:44:15 PM org.apache.catalina.core.ApplicationContext log
INFO: Manager: deploy: Deploying web application '/pm'
Dec 27, 2017 6:44:15 PM org.apache.catalina.core.ApplicationContext log
INFO: Manager: deploy: Deploying web application '/pm'
Dec 27, 2017 6:44:30 PM org.apache.catalina.core.ApplicationContext log
INFO: Manager: deploy: Deploying web application '/pm'
Dec 27, 2017 6:44:31 PM org.apache.catalina.core.ApplicationContext log
INFO: Manager: deploy: Deploying web application '/pm'
Dec 27, 2017 6:44:31 PM org.apache.catalina.core.ApplicationContext log
INFO: Manager: deploy: Deploying web application '/pm'
Dec 27, 2017 6:44:31 PM org.apache.catalina.core.ApplicationContext log
INFO: Manager: deploy: Deploying web application '/pm'
Dec 27, 2017 6:44:45 PM org.apache.catalina.core.ApplicationContext log
INFO: Manager: deploy: Deploying web application '/pm'
Dec 27, 2017 6:44:45 PM org.apache.catalina.core.ApplicationContext log
INFO: Manager: deploy: Deploying web application '/pm'
Dec 27, 2017 6:44:45 PM org.apache.catalina.core.ApplicationContext log
INFO: Manager: deploy: Deploying web application '/pm'
Dec 27, 2017 6:44:45 PM org.apache.catalina.core.ApplicationContext log
INFO: Manager: deploy: Deploying web application '/pm'
Dec 27, 2017 7:04:06 PM org.apache.catalina.core.ApplicationContext log
INFO: Manager: init: Associated with Deployer 'Catalina:type=Deployer,host=localhost'
Dec 27, 2017 7:04:06 PM org.apache.catalina.core.ApplicationContext log
INFO: Manager: init: Global resources are available
Dec 27, 2017 7:04:06 PM org.apache.catalina.core.ApplicationContext log
INFO: Manager: deploy: Deploying web application '/pm'
Dec 27, 2017 7:04:06 PM org.apache.catalina.core.ApplicationContext log
INFO: Manager: deploy: Deploying web application '/pm'
Dec 27, 2017 7:04:07 PM org.apache.catalina.core.ApplicationContext log
INFO: Manager: deploy: Deploying web application '/pm'
Dec 27, 2017 7:04:07 PM org.apache.catalina.core.ApplicationContext log
INFO: Manager: deploy: Deploying web application '/pm'
