Jan 22, 2018 2:23:04 AM org.apache.catalina.core.ApplicationContext log
INFO: Manager: deploy: Deploying web application '/pm'
Jan 22, 2018 2:23:04 AM org.apache.catalina.core.ApplicationContext log
INFO: Manager: Uploading WAR file to c:\XpressRules\Policy-Machine-master\apache-tomcat-7.0.82\webapps\pm.war.tmp
Jan 22, 2018 2:33:50 AM org.apache.catalina.core.ApplicationContext log
INFO: Manager: init: Associated with Deployer 'Catalina:type=Deployer,host=localhost'
Jan 22, 2018 2:33:50 AM org.apache.catalina.core.ApplicationContext log
INFO: Manager: init: Global resources are available
Jan 22, 2018 2:33:50 AM org.apache.catalina.core.ApplicationContext log
INFO: Manager: deploy: Deploying web application '/pm'
Jan 22, 2018 2:33:50 AM org.apache.catalina.core.ApplicationContext log
INFO: Manager: Uploading WAR file to c:\XpressRules\Policy-Machine-master\apache-tomcat-7.0.82\webapps\pm.war.tmp
Jan 22, 2018 2:51:28 AM org.apache.catalina.core.ApplicationContext log
INFO: Manager: init: Associated with Deployer 'Catalina:type=Deployer,host=localhost'
Jan 22, 2018 2:51:28 AM org.apache.catalina.core.ApplicationContext log
INFO: Manager: init: Global resources are available
Jan 22, 2018 2:51:28 AM org.apache.catalina.core.ApplicationContext log
INFO: Manager: deploy: Deploying web application '/pm'
Jan 22, 2018 2:51:28 AM org.apache.catalina.core.ApplicationContext log
INFO: Manager: deploy: Deploying web application '/pm'
Jan 22, 2018 2:51:28 AM org.apache.catalina.core.ApplicationContext log
INFO: Manager: deploy: Deploying web application '/pm'
Jan 22, 2018 2:51:28 AM org.apache.catalina.core.ApplicationContext log
INFO: Manager: deploy: Deploying web application '/pm'
Jan 22, 2018 2:51:57 AM org.apache.catalina.core.ApplicationContext log
INFO: Manager: deploy: Deploying web application '/pm'
Jan 22, 2018 2:51:57 AM org.apache.catalina.core.ApplicationContext log
INFO: Manager: Uploading WAR file to c:\XpressRules\Policy-Machine-master\apache-tomcat-7.0.82\webapps\pm.war.tmp
Jan 22, 2018 3:18:02 AM org.apache.catalina.core.ApplicationContext log
INFO: Manager: init: Associated with Deployer 'Catalina:type=Deployer,host=localhost'
Jan 22, 2018 3:18:02 AM org.apache.catalina.core.ApplicationContext log
INFO: Manager: init: Global resources are available
Jan 22, 2018 3:18:02 AM org.apache.catalina.core.ApplicationContext log
INFO: Manager: deploy: Deploying web application '/pm'
Jan 22, 2018 3:18:02 AM org.apache.catalina.core.ApplicationContext log
INFO: Manager: Uploading WAR file to c:\XpressRules\Policy-Machine-master\apache-tomcat-7.0.82\webapps\pm.war.tmp
Jan 22, 2018 3:20:52 AM org.apache.catalina.core.ApplicationContext log
INFO: Manager: deploy: Deploying web application '/pm'
Jan 22, 2018 3:20:52 AM org.apache.catalina.core.ApplicationContext log
INFO: Manager: Uploading WAR file to c:\XpressRules\Policy-Machine-master\apache-tomcat-7.0.82\webapps\pm.war.tmp
