Jan 20, 2018 1:13:07 PM org.apache.catalina.core.ApplicationContext log
INFO: Manager: deploy: Deploying web application '/pm'
Jan 20, 2018 1:13:07 PM org.apache.catalina.core.ApplicationContext log
INFO: Manager: deploy: Deploying web application '/pm'
Jan 20, 2018 1:13:08 PM org.apache.catalina.core.ApplicationContext log
INFO: Manager: deploy: Deploying web application '/pm'
Jan 20, 2018 1:13:08 PM org.apache.catalina.core.ApplicationContext log
INFO: Manager: deploy: Deploying web application '/pm'
Jan 20, 2018 1:31:27 PM org.apache.catalina.core.ApplicationContext log
INFO: Manager: init: Associated with Deployer 'Catalina:type=Deployer,host=localhost'
Jan 20, 2018 1:31:27 PM org.apache.catalina.core.ApplicationContext log
INFO: Manager: init: Global resources are available
Jan 20, 2018 1:31:27 PM org.apache.catalina.core.ApplicationContext log
INFO: Manager: deploy: Deploying web application '/pm'
Jan 20, 2018 1:31:28 PM org.apache.catalina.core.ApplicationContext log
INFO: Manager: deploy: Deploying web application '/pm'
Jan 20, 2018 1:31:28 PM org.apache.catalina.core.ApplicationContext log
INFO: Manager: deploy: Deploying web application '/pm'
Jan 20, 2018 1:31:28 PM org.apache.catalina.core.ApplicationContext log
INFO: Manager: deploy: Deploying web application '/pm'
Jan 20, 2018 1:45:19 PM org.apache.catalina.core.ApplicationContext log
INFO: Manager: init: Associated with Deployer 'Catalina:type=Deployer,host=localhost'
Jan 20, 2018 1:45:19 PM org.apache.catalina.core.ApplicationContext log
INFO: Manager: init: Global resources are available
Jan 20, 2018 1:45:19 PM org.apache.catalina.core.ApplicationContext log
INFO: Manager: deploy: Deploying web application '/pm'
Jan 20, 2018 1:45:19 PM org.apache.catalina.core.ApplicationContext log
INFO: Manager: deploy: Deploying web application '/pm'
Jan 20, 2018 1:45:19 PM org.apache.catalina.core.ApplicationContext log
INFO: Manager: deploy: Deploying web application '/pm'
Jan 20, 2018 1:45:19 PM org.apache.catalina.core.ApplicationContext log
INFO: Manager: deploy: Deploying web application '/pm'
Jan 20, 2018 2:57:32 PM org.apache.catalina.core.ApplicationContext log
INFO: Manager: deploy: Deploying web application '/pm'
Jan 20, 2018 2:57:32 PM org.apache.catalina.core.ApplicationContext log
INFO: Manager: deploy: Deploying web application '/pm'
Jan 20, 2018 2:57:32 PM org.apache.catalina.core.ApplicationContext log
INFO: Manager: deploy: Deploying web application '/pm'
Jan 20, 2018 2:57:32 PM org.apache.catalina.core.ApplicationContext log
INFO: Manager: deploy: Deploying web application '/pm'
Jan 20, 2018 5:16:17 PM org.apache.catalina.core.ApplicationContext log
INFO: Manager: init: Associated with Deployer 'Catalina:type=Deployer,host=localhost'
Jan 20, 2018 5:16:17 PM org.apache.catalina.core.ApplicationContext log
INFO: Manager: init: Global resources are available
Jan 20, 2018 5:16:17 PM org.apache.catalina.core.ApplicationContext log
INFO: Manager: deploy: Deploying web application '/pm'
Jan 20, 2018 5:16:17 PM org.apache.catalina.core.ApplicationContext log
INFO: Manager: deploy: Deploying web application '/pm'
Jan 20, 2018 5:16:17 PM org.apache.catalina.core.ApplicationContext log
INFO: Manager: deploy: Deploying web application '/pm'
Jan 20, 2018 5:16:17 PM org.apache.catalina.core.ApplicationContext log
INFO: Manager: deploy: Deploying web application '/pm'
Jan 20, 2018 5:16:58 PM org.apache.catalina.core.ApplicationContext log
INFO: Manager: deploy: Deploying web application '/pm'
Jan 20, 2018 5:16:58 PM org.apache.catalina.core.ApplicationContext log
INFO: Manager: deploy: Deploying web application '/pm'
Jan 20, 2018 5:16:58 PM org.apache.catalina.core.ApplicationContext log
INFO: Manager: deploy: Deploying web application '/pm'
Jan 20, 2018 5:16:58 PM org.apache.catalina.core.ApplicationContext log
INFO: Manager: deploy: Deploying web application '/pm'
Jan 20, 2018 5:17:51 PM org.apache.catalina.core.ApplicationContext log
INFO: Manager: deploy: Deploying web application '/pm'
Jan 20, 2018 5:17:51 PM org.apache.catalina.core.ApplicationContext log
INFO: Manager: deploy: Deploying web application '/pm'
Jan 20, 2018 5:17:52 PM org.apache.catalina.core.ApplicationContext log
INFO: Manager: deploy: Deploying web application '/pm'
Jan 20, 2018 5:17:52 PM org.apache.catalina.core.ApplicationContext log
INFO: Manager: deploy: Deploying web application '/pm'
Jan 20, 2018 5:23:03 PM org.apache.catalina.core.ApplicationContext log
INFO: Manager: deploy: Deploying web application '/pm'
Jan 20, 2018 5:23:03 PM org.apache.catalina.core.ApplicationContext log
INFO: Manager: Uploading WAR file to C:\XpressRules\Policy-Machine-master\apache-tomcat-7.0.82\webapps\pm.war.tmp
Jan 20, 2018 5:30:54 PM org.apache.catalina.core.ApplicationContext log
INFO: Manager: deploy: Deploying web application '/pm'
Jan 20, 2018 5:30:54 PM org.apache.catalina.core.ApplicationContext log
INFO: Manager: Uploading WAR file to C:\XpressRules\Policy-Machine-master\apache-tomcat-7.0.82\webapps\pm.war.tmp
Jan 20, 2018 5:40:51 PM org.apache.catalina.core.ApplicationContext log
INFO: Manager: deploy: Deploying web application '/pm'
Jan 20, 2018 5:40:51 PM org.apache.catalina.core.ApplicationContext log
INFO: Manager: Uploading WAR file to C:\XpressRules\Policy-Machine-master\apache-tomcat-7.0.82\webapps\pm.war.tmp
Jan 20, 2018 5:46:52 PM org.apache.catalina.core.ApplicationContext log
INFO: Manager: init: Associated with Deployer 'Catalina:type=Deployer,host=localhost'
Jan 20, 2018 5:46:52 PM org.apache.catalina.core.ApplicationContext log
INFO: Manager: init: Global resources are available
Jan 20, 2018 5:46:52 PM org.apache.catalina.core.ApplicationContext log
INFO: Manager: deploy: Deploying web application '/pm'
Jan 20, 2018 5:46:52 PM org.apache.catalina.core.ApplicationContext log
INFO: Manager: Uploading WAR file to c:\XpressRules\Policy-Machine-master\apache-tomcat-7.0.82\webapps\pm.war.tmp
Jan 20, 2018 5:52:32 PM org.apache.catalina.core.ApplicationContext log
INFO: Manager: deploy: Deploying web application '/pm'
Jan 20, 2018 5:52:32 PM org.apache.catalina.core.ApplicationContext log
INFO: Manager: Uploading WAR file to c:\XpressRules\Policy-Machine-master\apache-tomcat-7.0.82\webapps\pm.war.tmp
Jan 20, 2018 6:25:08 PM org.apache.catalina.core.ApplicationContext log
INFO: Manager: deploy: Deploying web application '/pm'
Jan 20, 2018 6:25:08 PM org.apache.catalina.core.ApplicationContext log
INFO: Manager: Uploading WAR file to c:\XpressRules\Policy-Machine-master\apache-tomcat-7.0.82\webapps\pm.war.tmp
Jan 20, 2018 6:27:30 PM org.apache.catalina.core.ApplicationContext log
INFO: Manager: deploy: Deploying web application '/pm'
Jan 20, 2018 6:27:30 PM org.apache.catalina.core.ApplicationContext log
INFO: Manager: Uploading WAR file to c:\XpressRules\Policy-Machine-master\apache-tomcat-7.0.82\webapps\pm.war.tmp
Jan 20, 2018 6:31:37 PM org.apache.catalina.core.ApplicationContext log
INFO: Manager: deploy: Deploying web application '/pm'
Jan 20, 2018 6:31:37 PM org.apache.catalina.core.ApplicationContext log
INFO: Manager: Uploading WAR file to c:\XpressRules\Policy-Machine-master\apache-tomcat-7.0.82\webapps\pm.war.tmp
Jan 20, 2018 6:38:04 PM org.apache.catalina.core.ApplicationContext log
INFO: Manager: init: Associated with Deployer 'Catalina:type=Deployer,host=localhost'
Jan 20, 2018 6:38:04 PM org.apache.catalina.core.ApplicationContext log
INFO: Manager: init: Global resources are available
Jan 20, 2018 6:38:04 PM org.apache.catalina.core.ApplicationContext log
INFO: Manager: deploy: Deploying web application '/pm'
Jan 20, 2018 6:38:04 PM org.apache.catalina.core.ApplicationContext log
INFO: Manager: Uploading WAR file to c:\XpressRules\Policy-Machine-master\apache-tomcat-7.0.82\webapps\pm.war.tmp
Jan 20, 2018 6:46:45 PM org.apache.catalina.core.ApplicationContext log
INFO: Manager: deploy: Deploying web application '/pm'
Jan 20, 2018 6:46:45 PM org.apache.catalina.core.ApplicationContext log
INFO: Manager: Uploading WAR file to c:\XpressRules\Policy-Machine-master\apache-tomcat-7.0.82\webapps\pm.war.tmp
Jan 20, 2018 7:09:02 PM org.apache.catalina.core.ApplicationContext log
INFO: Manager: init: Associated with Deployer 'Catalina:type=Deployer,host=localhost'
Jan 20, 2018 7:09:02 PM org.apache.catalina.core.ApplicationContext log
INFO: Manager: init: Global resources are available
Jan 20, 2018 7:09:02 PM org.apache.catalina.core.ApplicationContext log
INFO: Manager: deploy: Deploying web application '/pm'
Jan 20, 2018 7:09:02 PM org.apache.catalina.core.ApplicationContext log
INFO: Manager: Uploading WAR file to c:\XpressRules\Policy-Machine-master\apache-tomcat-7.0.82\webapps\pm.war.tmp
Jan 20, 2018 9:24:54 PM org.apache.catalina.core.ApplicationContext log
INFO: Manager: deploy: Deploying web application '/pm'
Jan 20, 2018 9:24:54 PM org.apache.catalina.core.ApplicationContext log
INFO: Manager: Uploading WAR file to c:\XpressRules\Policy-Machine-master\apache-tomcat-7.0.82\webapps\pm.war.tmp
Jan 20, 2018 9:28:14 PM org.apache.catalina.core.ApplicationContext log
INFO: Manager: deploy: Deploying web application '/pm'
Jan 20, 2018 9:28:14 PM org.apache.catalina.core.ApplicationContext log
INFO: Manager: Uploading WAR file to c:\XpressRules\Policy-Machine-master\apache-tomcat-7.0.82\webapps\pm.war.tmp
